Interior catalog:
  1: N1/p
  2: N3/n
  3: N4/n
  4: N5/s
  5: N6/r
  6: O3/c
  7: O2/o
  8: O3h/h
  9: O4/n
  10: R1/c
  11: R1/n
  12: R1/p
  13: R2/c
  14: R3/c
  15: R6/c
  16: R6/n
  17: R6/p
  18: R6/s
  19: X1/c
  20: X2/c
  21: X3/c
  22: P1/c
  23: P1/n
  24: P1/p
  25: P1/Chl
  26: P1/s
  27: P2/c
  28: P2/n
  29: P2/p
  30: P2/Chl
  31: P3/c
  32: P3/n
  33: P3/p
  34: P3/Chl
  35: P4/c
  36: P4/n
  37: P4/p
  38: P4/Chl
  39: B1/c
  40: B1/n
  41: B1/p
  42: Z5/c
  43: Z5/n
  44: Z5/p
  45: Z6/c
  46: Z6/n
  47: Z6/p
  48: Z3/c
  49: Z3/n
  50: Z3/p
  51: Z4/c
  52: Z4/n
  53: Z4/p
  54: O5/c
  55: zenith_angle/_attenuation_coefficient_of_photosynthetic_radiative_flux
  56: light/EIR
  57: light/parEIR
  58: light/xEPS
  59: light/P1chl_sms
  60: light/P1chl_w
  61: light/P2chl_sms
  62: light/P2chl_w
  63: light/P3chl_sms
  64: light/P3chl_w
  65: light/P4chl_sms
  66: light/P4chl_w
  67: light/X1c_sms
  68: light/X1c_w
  69: light/X2c_sms
  70: light/X2c_w
  71: light/X3c_sms
  72: light/X3c_w
  73: light/_attenuation_coefficient_of_photosynthetic_radiative_flux
  74: lightspectral/PAR_dia
  75: lightspectral/PAR_flag
  76: lightspectral/PAR_pico
  77: lightspectral/PAR_dino
  78: lightspectral/PAR_tot
  79: lightspectral/Scdom350_500
  80: lightspectral/Scdom250_325
  81: lightspectral/acdom250
  82: lightspectral/acdom325
  83: lightspectral/acdom400
  84: lightspectral/acdom425
  85: lightspectral/acdom450
  86: lightspectral/anap450
  87: lightspectral/aph450
  88: lightspectral/bbp450
  89: lightspectral/bbp550
  90: lightspectral/bbp700
  91: lightspectral/P1c_sms
  92: lightspectral/P1c_w
  93: lightspectral/P2c_sms
  94: lightspectral/P2c_w
  95: lightspectral/P3c_sms
  96: lightspectral/P3c_w
  97: lightspectral/P4c_sms
  98: lightspectral/P4c_w
  99: lightspectral/P1chl_sms
  100: lightspectral/P1chl_w
  101: lightspectral/P2chl_sms
  102: lightspectral/P2chl_w
  103: lightspectral/P3chl_sms
  104: lightspectral/P3chl_w
  105: lightspectral/P4chl_sms
  106: lightspectral/P4chl_w
  107: lightspectral/R6c_sms
  108: lightspectral/R6c_w
  109: lightspectral/X1c_sms
  110: lightspectral/X1c_w
  111: lightspectral/X2c_sms
  112: lightspectral/X2c_w
  113: lightspectral/X3c_sms
  114: lightspectral/X3c_w
  115: lightspectral/_attenuation_coefficient_of_photosynthetic_radiative_flux
  116: N1/p_sms
  117: N1/p_w
  118: N1/_attenuation_coefficient_of_photosynthetic_radiative_flux
  119: N3/n_sms
  120: N3/n_w
  121: N3/_attenuation_coefficient_of_photosynthetic_radiative_flux
  122: N4/n_sms
  123: N4/n_w
  124: N4/_attenuation_coefficient_of_photosynthetic_radiative_flux
  125: N5/s_sms
  126: N5/s_w
  127: N5/_attenuation_coefficient_of_photosynthetic_radiative_flux
  128: N6/r_sms
  129: N6/r_w
  130: N6/_attenuation_coefficient_of_photosynthetic_radiative_flux
  131: O3/c_sms
  132: O3/c_w
  133: O3/N1p_sms
  134: O3/N1p_w
  135: O3/N5s_sms
  136: O3/N5s_w
  137: O3/O3h_sms
  138: O3/O3h_w
  139: O3/ALK
  140: O3/DIC
  141: O3/pH
  142: O3/pCO2
  143: O3/CarbA
  144: O3/BiCarb
  145: O3/Carb
  146: O3/OCalc
  147: O3/OArag
  148: O3/EPR
  149: O3/_attenuation_coefficient_of_photosynthetic_radiative_flux
  150: O2/o_sms
  151: O2/o_w
  152: O2/eO2mO2
  153: O2/osat
  154: O2/AOU
  155: O2/_attenuation_coefficient_of_photosynthetic_radiative_flux
  156: O3h/h_sms
  157: O3h/h_w
  158: O3h/_attenuation_coefficient_of_photosynthetic_radiative_flux
  159: O4/n_sms
  160: O4/n_w
  161: O4/_attenuation_coefficient_of_photosynthetic_radiative_flux
  162: R1/c_sms
  163: R1/c_w
  164: R1/n_sms
  165: R1/n_w
  166: R1/p_sms
  167: R1/p_w
  168: R1/_attenuation_coefficient_of_photosynthetic_radiative_flux
  169: R2/c_sms
  170: R2/c_w
  171: R2/_attenuation_coefficient_of_photosynthetic_radiative_flux
  172: R3/c_sms
  173: R3/c_w
  174: R3/_attenuation_coefficient_of_photosynthetic_radiative_flux
  175: R6/c_sms
  176: R6/c_w
  177: R6/n_sms
  178: R6/n_w
  179: R6/p_sms
  180: R6/p_w
  181: R6/s_sms
  182: R6/s_w
  183: R6/_attenuation_coefficient_of_photosynthetic_radiative_flux
  184: X1/c_sms
  185: X1/c_w
  186: X1/_attenuation_coefficient_of_photosynthetic_radiative_flux
  187: X2/c_sms
  188: X2/c_w
  189: X2/_attenuation_coefficient_of_photosynthetic_radiative_flux
  190: X3/c_sms
  191: X3/c_w
  192: X3/_attenuation_coefficient_of_photosynthetic_radiative_flux
  193: P1/c_sms
  194: P1/c_w
  195: P1/n_sms
  196: P1/n_w
  197: P1/p_sms
  198: P1/p_w
  199: P1/Chl_sms
  200: P1/Chl_w
  201: P1/s_sms
  202: P1/s_w
  203: P1/O3c_sms
  204: P1/O3c_w
  205: P1/O3h_sms
  206: P1/O3h_w
  207: P1/O5c_sms
  208: P1/O5c_w
  209: P1/O2o_sms
  210: P1/O2o_w
  211: P1/N1p_sms
  212: P1/N1p_w
  213: P1/N3n_sms
  214: P1/N3n_w
  215: P1/N4n_sms
  216: P1/N4n_w
  217: P1/N5s_sms
  218: P1/N5s_w
  219: P1/R1c_sms
  220: P1/R1c_w
  221: P1/R1p_sms
  222: P1/R1p_w
  223: P1/R1n_sms
  224: P1/R1n_w
  225: P1/R2c_sms
  226: P1/R2c_w
  227: P1/R6c_sms
  228: P1/R6c_w
  229: P1/R6p_sms
  230: P1/R6p_w
  231: P1/R6n_sms
  232: P1/R6n_w
  233: P1/R6s_sms
  234: P1/R6s_w
  235: P1/X1c_sms
  236: P1/X1c_w
  237: P1/X2c_sms
  238: P1/X2c_w
  239: P1/iN1p
  240: P1/iNIn
  241: P1/iN5s
  242: P1/iN
  243: P1/tN
  244: P1/ETW
  245: P1/et
  246: P1/EIR
  247: P1/r
  248: P1/eiPPY
  249: P1/sum
  250: P1/sdo
  251: P1/sea
  252: P1/seo
  253: P1/rr1c
  254: P1/rrc
  255: P1/rugc
  256: P1/flPIR2c_tot
  257: P1/flPIR2c_act
  258: P1/flPIR2c
  259: P1/f2cdom
  260: P1/run
  261: P1/sadap
  262: P1/cqun3
  263: P1/rumn3
  264: P1/rumn4
  265: P1/rumn
  266: P1/rump
  267: P1/netgrowth
  268: P1/sunPPY
  269: P1/misn
  270: P1/rupn
  271: P1/runn
  272: P1/runn3
  273: P1/runn4
  274: P1/fR1n
  275: P1/misp
  276: P1/rupp
  277: P1/runp
  278: P1/fR1p
  279: P1/rr6n
  280: P1/rr1n
  281: P1/rr6p
  282: P1/rr1p
  283: P1/rums
  284: P1/miss
  285: P1/rups
  286: P1/runs
  287: P1/rho_Chl
  288: P1/rate_Chl
  289: P1/varO3h_for_Nutil
  290: P1/varO3h_for_Putil
  291: P1/_attenuation_coefficient_of_photosynthetic_radiative_flux
  292: P2/c_sms
  293: P2/c_w
  294: P2/n_sms
  295: P2/n_w
  296: P2/p_sms
  297: P2/p_w
  298: P2/Chl_sms
  299: P2/Chl_w
  300: P2/O3c_sms
  301: P2/O3c_w
  302: P2/O3h_sms
  303: P2/O3h_w
  304: P2/O5c_sms
  305: P2/O5c_w
  306: P2/O2o_sms
  307: P2/O2o_w
  308: P2/N1p_sms
  309: P2/N1p_w
  310: P2/N3n_sms
  311: P2/N3n_w
  312: P2/N4n_sms
  313: P2/N4n_w
  314: P2/R1c_sms
  315: P2/R1c_w
  316: P2/R1p_sms
  317: P2/R1p_w
  318: P2/R1n_sms
  319: P2/R1n_w
  320: P2/R2c_sms
  321: P2/R2c_w
  322: P2/R6c_sms
  323: P2/R6c_w
  324: P2/R6p_sms
  325: P2/R6p_w
  326: P2/R6n_sms
  327: P2/R6n_w
  328: P2/X1c_sms
  329: P2/X1c_w
  330: P2/X2c_sms
  331: P2/X2c_w
  332: P2/iN1p
  333: P2/iNIn
  334: P2/iN
  335: P2/tN
  336: P2/ETW
  337: P2/et
  338: P2/EIR
  339: P2/r
  340: P2/eiPPY
  341: P2/sum
  342: P2/sdo
  343: P2/sea
  344: P2/seo
  345: P2/rr1c
  346: P2/rrc
  347: P2/rugc
  348: P2/flPIR2c_tot
  349: P2/flPIR2c_act
  350: P2/flPIR2c
  351: P2/f2cdom
  352: P2/run
  353: P2/sadap
  354: P2/cqun3
  355: P2/rumn3
  356: P2/rumn4
  357: P2/rumn
  358: P2/rump
  359: P2/netgrowth
  360: P2/sunPPY
  361: P2/misn
  362: P2/rupn
  363: P2/runn
  364: P2/runn3
  365: P2/runn4
  366: P2/fR1n
  367: P2/misp
  368: P2/rupp
  369: P2/runp
  370: P2/fR1p
  371: P2/rr6n
  372: P2/rr1n
  373: P2/rr6p
  374: P2/rr1p
  375: P2/rho_Chl
  376: P2/rate_Chl
  377: P2/consO3h_caco3
  378: P2/varO3h_for_Nutil
  379: P2/varO3h_for_Putil
  380: P2/_attenuation_coefficient_of_photosynthetic_radiative_flux
  381: P3/c_sms
  382: P3/c_w
  383: P3/n_sms
  384: P3/n_w
  385: P3/p_sms
  386: P3/p_w
  387: P3/Chl_sms
  388: P3/Chl_w
  389: P3/O3c_sms
  390: P3/O3c_w
  391: P3/O3h_sms
  392: P3/O3h_w
  393: P3/O5c_sms
  394: P3/O5c_w
  395: P3/O2o_sms
  396: P3/O2o_w
  397: P3/N1p_sms
  398: P3/N1p_w
  399: P3/N3n_sms
  400: P3/N3n_w
  401: P3/N4n_sms
  402: P3/N4n_w
  403: P3/R1c_sms
  404: P3/R1c_w
  405: P3/R1p_sms
  406: P3/R1p_w
  407: P3/R1n_sms
  408: P3/R1n_w
  409: P3/R2c_sms
  410: P3/R2c_w
  411: P3/R6c_sms
  412: P3/R6c_w
  413: P3/R6p_sms
  414: P3/R6p_w
  415: P3/R6n_sms
  416: P3/R6n_w
  417: P3/X1c_sms
  418: P3/X1c_w
  419: P3/X2c_sms
  420: P3/X2c_w
  421: P3/iN1p
  422: P3/iNIn
  423: P3/iN
  424: P3/tN
  425: P3/ETW
  426: P3/et
  427: P3/EIR
  428: P3/r
  429: P3/eiPPY
  430: P3/sum
  431: P3/sdo
  432: P3/sea
  433: P3/seo
  434: P3/rr1c
  435: P3/rrc
  436: P3/rugc
  437: P3/flPIR2c_tot
  438: P3/flPIR2c_act
  439: P3/flPIR2c
  440: P3/f2cdom
  441: P3/run
  442: P3/sadap
  443: P3/cqun3
  444: P3/rumn3
  445: P3/rumn4
  446: P3/rumn
  447: P3/rump
  448: P3/netgrowth
  449: P3/sunPPY
  450: P3/misn
  451: P3/rupn
  452: P3/runn
  453: P3/runn3
  454: P3/runn4
  455: P3/fR1n
  456: P3/misp
  457: P3/rupp
  458: P3/runp
  459: P3/fR1p
  460: P3/rr6n
  461: P3/rr1n
  462: P3/rr6p
  463: P3/rr1p
  464: P3/rho_Chl
  465: P3/rate_Chl
  466: P3/varO3h_for_Nutil
  467: P3/varO3h_for_Putil
  468: P3/_attenuation_coefficient_of_photosynthetic_radiative_flux
  469: P4/c_sms
  470: P4/c_w
  471: P4/n_sms
  472: P4/n_w
  473: P4/p_sms
  474: P4/p_w
  475: P4/Chl_sms
  476: P4/Chl_w
  477: P4/O3c_sms
  478: P4/O3c_w
  479: P4/O3h_sms
  480: P4/O3h_w
  481: P4/O5c_sms
  482: P4/O5c_w
  483: P4/O2o_sms
  484: P4/O2o_w
  485: P4/N1p_sms
  486: P4/N1p_w
  487: P4/N3n_sms
  488: P4/N3n_w
  489: P4/N4n_sms
  490: P4/N4n_w
  491: P4/R1c_sms
  492: P4/R1c_w
  493: P4/R1p_sms
  494: P4/R1p_w
  495: P4/R1n_sms
  496: P4/R1n_w
  497: P4/R2c_sms
  498: P4/R2c_w
  499: P4/R6c_sms
  500: P4/R6c_w
  501: P4/R6p_sms
  502: P4/R6p_w
  503: P4/R6n_sms
  504: P4/R6n_w
  505: P4/X1c_sms
  506: P4/X1c_w
  507: P4/X2c_sms
  508: P4/X2c_w
  509: P4/iN1p
  510: P4/iNIn
  511: P4/iN
  512: P4/tN
  513: P4/ETW
  514: P4/et
  515: P4/EIR
  516: P4/r
  517: P4/eiPPY
  518: P4/sum
  519: P4/sdo
  520: P4/sea
  521: P4/seo
  522: P4/rr1c
  523: P4/rrc
  524: P4/rugc
  525: P4/flPIR2c_tot
  526: P4/flPIR2c_act
  527: P4/flPIR2c
  528: P4/f2cdom
  529: P4/run
  530: P4/sadap
  531: P4/cqun3
  532: P4/rumn3
  533: P4/rumn4
  534: P4/rumn
  535: P4/rump
  536: P4/netgrowth
  537: P4/sunPPY
  538: P4/misn
  539: P4/rupn
  540: P4/runn
  541: P4/runn3
  542: P4/runn4
  543: P4/fR1n
  544: P4/misp
  545: P4/rupp
  546: P4/runp
  547: P4/fR1p
  548: P4/rr6n
  549: P4/rr1n
  550: P4/rr6p
  551: P4/rr1p
  552: P4/rho_Chl
  553: P4/rate_Chl
  554: P4/varO3h_for_Nutil
  555: P4/varO3h_for_Putil
  556: P4/_attenuation_coefficient_of_photosynthetic_radiative_flux
  557: B1/c_sms
  558: B1/c_w
  559: B1/n_sms
  560: B1/n_w
  561: B1/p_sms
  562: B1/p_w
  563: B1/O2o_sms
  564: B1/O2o_w
  565: B1/O3c_sms
  566: B1/O3c_w
  567: B1/O3h_sms
  568: B1/O3h_w
  569: B1/N1p_sms
  570: B1/N1p_w
  571: B1/N3n_sms
  572: B1/N3n_w
  573: B1/N4n_sms
  574: B1/N4n_w
  575: B1/N6r_sms
  576: B1/N6r_w
  577: B1/R1c_sms
  578: B1/R1c_w
  579: B1/R1p_sms
  580: B1/R1p_w
  581: B1/R1n_sms
  582: B1/R1n_w
  583: B1/R2c_sms
  584: B1/R2c_w
  585: B1/R3c_sms
  586: B1/R3c_w
  587: B1/R6c_sms
  588: B1/R6c_w
  589: B1/R6p_sms
  590: B1/R6p_w
  591: B1/R6n_sms
  592: B1/R6n_w
  593: B1/X1c_sms
  594: B1/X1c_w
  595: B1/X2c_sms
  596: B1/X2c_w
  597: B1/X3c_sms
  598: B1/X3c_w
  599: B1/et
  600: B1/eO2
  601: B1/eN4n
  602: B1/eN1p
  603: B1/rd
  604: B1/rum
  605: B1/cuR1
  606: B1/cuR6
  607: B1/iNIn
  608: B1/iN1p
  609: B1/iN
  610: B1/ruR1c
  611: B1/ruR2c
  612: B1/ruR3c
  613: B1/ruR6c
  614: B1/ruX1c
  615: B1/ruX2c
  616: B1/ruX3c
  617: B1/rut
  618: B1/rug
  619: B1/ruR1n
  620: B1/ruR6n
  621: B1/ruR1p
  622: B1/ruR6p
  623: B1/rrc
  624: B1/flN6rPBA
  625: B1/run
  626: B1/renh4
  627: B1/rumn3
  628: B1/rumn4
  629: B1/rumn
  630: B1/ren
  631: B1/rep
  632: B1/repo4
  633: B1/reR3c
  634: B1/varO3h_for_Putil
  635: B1/varO3h_for_Nutil
  636: B1/varO3h_reminNH4
  637: B1/_attenuation_coefficient_of_photosynthetic_radiative_flux
  638: Z5/c_sms
  639: Z5/c_w
  640: Z5/n_sms
  641: Z5/n_w
  642: Z5/p_sms
  643: Z5/p_w
  644: Z5/prey1c_sms
  645: Z5/prey1c_w
  646: Z5/prey1n_sms
  647: Z5/prey1n_w
  648: Z5/prey1p_sms
  649: Z5/prey1p_w
  650: Z5/prey1s_sms
  651: Z5/prey1s_w
  652: Z5/prey1Chl_sms
  653: Z5/prey1Chl_w
  654: Z5/prey2c_sms
  655: Z5/prey2c_w
  656: Z5/prey2n_sms
  657: Z5/prey2n_w
  658: Z5/prey2p_sms
  659: Z5/prey2p_w
  660: Z5/prey2s_sms
  661: Z5/prey2s_w
  662: Z5/prey2Chl_sms
  663: Z5/prey2Chl_w
  664: Z5/prey3c_sms
  665: Z5/prey3c_w
  666: Z5/prey3n_sms
  667: Z5/prey3n_w
  668: Z5/prey3p_sms
  669: Z5/prey3p_w
  670: Z5/prey3s_sms
  671: Z5/prey3s_w
  672: Z5/prey3Chl_sms
  673: Z5/prey3Chl_w
  674: Z5/prey4c_sms
  675: Z5/prey4c_w
  676: Z5/prey4n_sms
  677: Z5/prey4n_w
  678: Z5/prey4p_sms
  679: Z5/prey4p_w
  680: Z5/prey4s_sms
  681: Z5/prey4s_w
  682: Z5/prey4Chl_sms
  683: Z5/prey4Chl_w
  684: Z5/prey5c_sms
  685: Z5/prey5c_w
  686: Z5/prey5n_sms
  687: Z5/prey5n_w
  688: Z5/prey5p_sms
  689: Z5/prey5p_w
  690: Z5/prey5s_sms
  691: Z5/prey5s_w
  692: Z5/prey5Chl_sms
  693: Z5/prey5Chl_w
  694: Z5/prey6c_sms
  695: Z5/prey6c_w
  696: Z5/prey6n_sms
  697: Z5/prey6n_w
  698: Z5/prey6p_sms
  699: Z5/prey6p_w
  700: Z5/prey6s_sms
  701: Z5/prey6s_w
  702: Z5/prey6Chl_sms
  703: Z5/prey6Chl_w
  704: Z5/prey7c_sms
  705: Z5/prey7c_w
  706: Z5/prey7n_sms
  707: Z5/prey7n_w
  708: Z5/prey7p_sms
  709: Z5/prey7p_w
  710: Z5/prey7s_sms
  711: Z5/prey7s_w
  712: Z5/prey7Chl_sms
  713: Z5/prey7Chl_w
  714: Z5/O2o_sms
  715: Z5/O2o_w
  716: Z5/O3c_sms
  717: Z5/O3c_w
  718: Z5/O5c_sms
  719: Z5/O5c_w
  720: Z5/O3h_sms
  721: Z5/O3h_w
  722: Z5/N4n_sms
  723: Z5/N4n_w
  724: Z5/N1p_sms
  725: Z5/N1p_w
  726: Z5/R6c_sms
  727: Z5/R6c_w
  728: Z5/R6s_sms
  729: Z5/R6s_w
  730: Z5/R6n_sms
  731: Z5/R6n_w
  732: Z5/R6p_sms
  733: Z5/R6p_w
  734: Z5/X1c_sms
  735: Z5/X1c_w
  736: Z5/R1c_sms
  737: Z5/R1c_w
  738: Z5/R1n_sms
  739: Z5/R1n_w
  740: Z5/R1p_sms
  741: Z5/R1p_w
  742: Z5/ETW
  743: Z5/et
  744: Z5/eO2
  745: Z5/rumc
  746: Z5/rugc
  747: Z5/sut
  748: Z5/rugn
  749: Z5/rugp
  750: Z5/rrtc
  751: Z5/rrsc
  752: Z5/rrac
  753: Z5/rric
  754: Z5/reac
  755: Z5/rdc
  756: Z5/rr1c
  757: Z5/rr6c
  758: Z5/rrin
  759: Z5/rr1n
  760: Z5/rr6n
  761: Z5/rrip
  762: Z5/rr1p
  763: Z5/rr6p
  764: Z5/runc
  765: Z5/runn
  766: Z5/runp
  767: Z5/ren
  768: Z5/rep
  769: Z5/varO3h_Nutil
  770: Z5/varO3h_Putil
  771: Z5/_P2_CaCO3precip
  772: Z5/_P2_consumeO3h_for_CaCO3precip
  773: Z5/_attenuation_coefficient_of_photosynthetic_radiative_flux
  774: Z6/c_sms
  775: Z6/c_w
  776: Z6/n_sms
  777: Z6/n_w
  778: Z6/p_sms
  779: Z6/p_w
  780: Z6/prey1c_sms
  781: Z6/prey1c_w
  782: Z6/prey1n_sms
  783: Z6/prey1n_w
  784: Z6/prey1p_sms
  785: Z6/prey1p_w
  786: Z6/prey1s_sms
  787: Z6/prey1s_w
  788: Z6/prey1Chl_sms
  789: Z6/prey1Chl_w
  790: Z6/prey2c_sms
  791: Z6/prey2c_w
  792: Z6/prey2n_sms
  793: Z6/prey2n_w
  794: Z6/prey2p_sms
  795: Z6/prey2p_w
  796: Z6/prey2s_sms
  797: Z6/prey2s_w
  798: Z6/prey2Chl_sms
  799: Z6/prey2Chl_w
  800: Z6/prey3c_sms
  801: Z6/prey3c_w
  802: Z6/prey3n_sms
  803: Z6/prey3n_w
  804: Z6/prey3p_sms
  805: Z6/prey3p_w
  806: Z6/prey3s_sms
  807: Z6/prey3s_w
  808: Z6/prey3Chl_sms
  809: Z6/prey3Chl_w
  810: Z6/prey4c_sms
  811: Z6/prey4c_w
  812: Z6/prey4n_sms
  813: Z6/prey4n_w
  814: Z6/prey4p_sms
  815: Z6/prey4p_w
  816: Z6/prey4s_sms
  817: Z6/prey4s_w
  818: Z6/prey4Chl_sms
  819: Z6/prey4Chl_w
  820: Z6/prey5c_sms
  821: Z6/prey5c_w
  822: Z6/prey5n_sms
  823: Z6/prey5n_w
  824: Z6/prey5p_sms
  825: Z6/prey5p_w
  826: Z6/prey5s_sms
  827: Z6/prey5s_w
  828: Z6/prey5Chl_sms
  829: Z6/prey5Chl_w
  830: Z6/prey6c_sms
  831: Z6/prey6c_w
  832: Z6/prey6n_sms
  833: Z6/prey6n_w
  834: Z6/prey6p_sms
  835: Z6/prey6p_w
  836: Z6/prey6s_sms
  837: Z6/prey6s_w
  838: Z6/prey6Chl_sms
  839: Z6/prey6Chl_w
  840: Z6/prey7c_sms
  841: Z6/prey7c_w
  842: Z6/prey7n_sms
  843: Z6/prey7n_w
  844: Z6/prey7p_sms
  845: Z6/prey7p_w
  846: Z6/prey7s_sms
  847: Z6/prey7s_w
  848: Z6/prey7Chl_sms
  849: Z6/prey7Chl_w
  850: Z6/O2o_sms
  851: Z6/O2o_w
  852: Z6/O3c_sms
  853: Z6/O3c_w
  854: Z6/O5c_sms
  855: Z6/O5c_w
  856: Z6/O3h_sms
  857: Z6/O3h_w
  858: Z6/N4n_sms
  859: Z6/N4n_w
  860: Z6/N1p_sms
  861: Z6/N1p_w
  862: Z6/R6c_sms
  863: Z6/R6c_w
  864: Z6/R6s_sms
  865: Z6/R6s_w
  866: Z6/R6n_sms
  867: Z6/R6n_w
  868: Z6/R6p_sms
  869: Z6/R6p_w
  870: Z6/X1c_sms
  871: Z6/X1c_w
  872: Z6/R1c_sms
  873: Z6/R1c_w
  874: Z6/R1n_sms
  875: Z6/R1n_w
  876: Z6/R1p_sms
  877: Z6/R1p_w
  878: Z6/ETW
  879: Z6/et
  880: Z6/eO2
  881: Z6/rumc
  882: Z6/rugc
  883: Z6/sut
  884: Z6/rugn
  885: Z6/rugp
  886: Z6/rrtc
  887: Z6/rrsc
  888: Z6/rrac
  889: Z6/rric
  890: Z6/reac
  891: Z6/rdc
  892: Z6/rr1c
  893: Z6/rr6c
  894: Z6/rrin
  895: Z6/rr1n
  896: Z6/rr6n
  897: Z6/rrip
  898: Z6/rr1p
  899: Z6/rr6p
  900: Z6/runc
  901: Z6/runn
  902: Z6/runp
  903: Z6/ren
  904: Z6/rep
  905: Z6/varO3h_Nutil
  906: Z6/varO3h_Putil
  907: Z6/_P2_CaCO3precip
  908: Z6/_P2_consumeO3h_for_CaCO3precip
  909: Z6/_attenuation_coefficient_of_photosynthetic_radiative_flux
  910: Z3/c_sms
  911: Z3/c_w
  912: Z3/n_sms
  913: Z3/n_w
  914: Z3/p_sms
  915: Z3/p_w
  916: Z3/prey1c_sms
  917: Z3/prey1c_w
  918: Z3/prey1n_sms
  919: Z3/prey1n_w
  920: Z3/prey1p_sms
  921: Z3/prey1p_w
  922: Z3/prey1Chl_sms
  923: Z3/prey1Chl_w
  924: Z3/prey1Chld
  925: Z3/prey1rate
  926: Z3/prey1s_sms
  927: Z3/prey1s_w
  928: Z3/prey2c_sms
  929: Z3/prey2c_w
  930: Z3/prey2n_sms
  931: Z3/prey2n_w
  932: Z3/prey2p_sms
  933: Z3/prey2p_w
  934: Z3/prey2Chl_sms
  935: Z3/prey2Chl_w
  936: Z3/prey2Chld
  937: Z3/prey2rate
  938: Z3/prey2s_sms
  939: Z3/prey2s_w
  940: Z3/prey3c_sms
  941: Z3/prey3c_w
  942: Z3/prey3n_sms
  943: Z3/prey3n_w
  944: Z3/prey3p_sms
  945: Z3/prey3p_w
  946: Z3/prey3Chl_sms
  947: Z3/prey3Chl_w
  948: Z3/prey3Chld
  949: Z3/prey3rate
  950: Z3/prey3s_sms
  951: Z3/prey3s_w
  952: Z3/O2o_sms
  953: Z3/O2o_w
  954: Z3/O3c_sms
  955: Z3/O3c_w
  956: Z3/O3h_sms
  957: Z3/O3h_w
  958: Z3/O5c_sms
  959: Z3/O5c_w
  960: Z3/N1p_sms
  961: Z3/N1p_w
  962: Z3/N4n_sms
  963: Z3/N4n_w
  964: Z3/R6c_sms
  965: Z3/R6c_w
  966: Z3/R6p_sms
  967: Z3/R6p_w
  968: Z3/R6n_sms
  969: Z3/R6n_w
  970: Z3/R6s_sms
  971: Z3/R6s_w
  972: Z3/qncMEZ
  973: Z3/qpcMEZ
  974: Z3/prey2l
  975: Z3/prey1x
  976: Z3/ETW
  977: Z3/et
  978: Z3/eo
  979: Z3/rumc
  980: Z3/rugc
  981: Z3/sut
  982: Z3/rut_c
  983: Z3/rut_n
  984: Z3/rut_p
  985: Z3/rrc
  986: Z3/rdo_c
  987: Z3/rd_c
  988: Z3/rq6c
  989: Z3/rq6n
  990: Z3/rq6p
  991: Z3/ren
  992: Z3/rep
  993: Z3/varO3h_Nutil
  994: Z3/varO3h_Putil
  995: Z3/temp_p
  996: Z3/temp_n
  997: Z3/limit
  998: Z3/pe_R6c
  999: Z3/pe_N1p
  1000: Z3/pe_N4n
  1001: Z3/_attenuation_coefficient_of_photosynthetic_radiative_flux
  1002: Z4/c_sms
  1003: Z4/c_w
  1004: Z4/n_sms
  1005: Z4/n_w
  1006: Z4/p_sms
  1007: Z4/p_w
  1008: Z4/prey1c_sms
  1009: Z4/prey1c_w
  1010: Z4/prey1n_sms
  1011: Z4/prey1n_w
  1012: Z4/prey1p_sms
  1013: Z4/prey1p_w
  1014: Z4/prey1Chl_sms
  1015: Z4/prey1Chl_w
  1016: Z4/prey1Chld
  1017: Z4/prey1rate
  1018: Z4/prey1s_sms
  1019: Z4/prey1s_w
  1020: Z4/prey2c_sms
  1021: Z4/prey2c_w
  1022: Z4/prey2n_sms
  1023: Z4/prey2n_w
  1024: Z4/prey2p_sms
  1025: Z4/prey2p_w
  1026: Z4/prey2Chl_sms
  1027: Z4/prey2Chl_w
  1028: Z4/prey2Chld
  1029: Z4/prey2rate
  1030: Z4/prey2s_sms
  1031: Z4/prey2s_w
  1032: Z4/prey3c_sms
  1033: Z4/prey3c_w
  1034: Z4/prey3n_sms
  1035: Z4/prey3n_w
  1036: Z4/prey3p_sms
  1037: Z4/prey3p_w
  1038: Z4/prey3Chl_sms
  1039: Z4/prey3Chl_w
  1040: Z4/prey3Chld
  1041: Z4/prey3rate
  1042: Z4/prey3s_sms
  1043: Z4/prey3s_w
  1044: Z4/prey4c_sms
  1045: Z4/prey4c_w
  1046: Z4/prey4n_sms
  1047: Z4/prey4n_w
  1048: Z4/prey4p_sms
  1049: Z4/prey4p_w
  1050: Z4/prey4Chl_sms
  1051: Z4/prey4Chl_w
  1052: Z4/prey4Chld
  1053: Z4/prey4rate
  1054: Z4/prey4s_sms
  1055: Z4/prey4s_w
  1056: Z4/prey5c_sms
  1057: Z4/prey5c_w
  1058: Z4/prey5n_sms
  1059: Z4/prey5n_w
  1060: Z4/prey5p_sms
  1061: Z4/prey5p_w
  1062: Z4/prey5Chl_sms
  1063: Z4/prey5Chl_w
  1064: Z4/prey5Chld
  1065: Z4/prey5rate
  1066: Z4/prey5s_sms
  1067: Z4/prey5s_w
  1068: Z4/O2o_sms
  1069: Z4/O2o_w
  1070: Z4/O3c_sms
  1071: Z4/O3c_w
  1072: Z4/O3h_sms
  1073: Z4/O3h_w
  1074: Z4/O5c_sms
  1075: Z4/O5c_w
  1076: Z4/N1p_sms
  1077: Z4/N1p_w
  1078: Z4/N4n_sms
  1079: Z4/N4n_w
  1080: Z4/R6c_sms
  1081: Z4/R6c_w
  1082: Z4/R6p_sms
  1083: Z4/R6p_w
  1084: Z4/R6n_sms
  1085: Z4/R6n_w
  1086: Z4/R6s_sms
  1087: Z4/R6s_w
  1088: Z4/qncMEZ
  1089: Z4/qpcMEZ
  1090: Z4/prey2l
  1091: Z4/prey1x
  1092: Z4/ETW
  1093: Z4/et
  1094: Z4/eo
  1095: Z4/rumc
  1096: Z4/rugc
  1097: Z4/sut
  1098: Z4/rut_c
  1099: Z4/rut_n
  1100: Z4/rut_p
  1101: Z4/rrc
  1102: Z4/rdo_c
  1103: Z4/rd_c
  1104: Z4/rq6c
  1105: Z4/rq6n
  1106: Z4/rq6p
  1107: Z4/ren
  1108: Z4/rep
  1109: Z4/varO3h_Nutil
  1110: Z4/varO3h_Putil
  1111: Z4/temp_p
  1112: Z4/temp_n
  1113: Z4/limit
  1114: Z4/pe_R6c
  1115: Z4/pe_N1p
  1116: Z4/pe_N4n
  1117: Z4/_P2_CaCO3precip
  1118: Z4/_P2_consumeO3h_for_CaCO3precip
  1119: Z4/_attenuation_coefficient_of_photosynthetic_radiative_flux
  1120: PelChem/O3h_sms
  1121: PelChem/O3h_w
  1122: PelChem/O2o_sms
  1123: PelChem/O2o_w
  1124: PelChem/N3n_sms
  1125: PelChem/N3n_w
  1126: PelChem/N4n_sms
  1127: PelChem/N4n_w
  1128: PelChem/N5s_sms
  1129: PelChem/N5s_w
  1130: PelChem/N6r_sms
  1131: PelChem/N6r_w
  1132: PelChem/R3c_sms
  1133: PelChem/R3c_w
  1134: PelChem/R6s_sms
  1135: PelChem/R6s_w
  1136: PelChem/X1c_sms
  1137: PelChem/X1c_w
  1138: PelChem/X2c_sms
  1139: PelChem/X2c_w
  1140: PelChem/X3c_sms
  1141: PelChem/X3c_w
  1142: PelChem/O4n_sms
  1143: PelChem/O4n_w
  1144: PelChem/eo
  1145: PelChem/er
  1146: PelChem/flN4N3n
  1147: PelChem/flN4N3n_o2
  1148: PelChem/flN3O4n
  1149: PelChem/flN3O4n_N6r
  1150: PelChem/fN6O2r
  1151: PelChem/fR6N5s
  1152: PelChem/degX1c
  1153: PelChem/degX2c
  1154: PelChem/degX3c
  1155: PelChem/remX3c
  1156: PelChem/remR3c
  1157: PelChem/varO3h_for_nitr
  1158: PelChem/varO3h_for_denitr
  1159: PelChem/_attenuation_coefficient_of_photosynthetic_radiative_flux
  1160: O5/c_sms
  1161: O5/c_w
  1162: O5/fCaCO2_2_O3c
  1163: O5/fCaCO2_2_O3h
  1164: O5/O3c_sms
  1165: O5/O3c_w
  1166: O5/O3h_sms
  1167: O5/O3h_w
  1168: O5/_attenuation_coefficient_of_photosynthetic_radiative_flux
  1169: zero
  1170: Z5/prey1_state1_sms
  1171: Z5/prey1_state1_w
  1172: Z5/prey1_state2_sms
  1173: Z5/prey1_state2_w
  1174: Z5/prey1_state3_sms
  1175: Z5/prey1_state3_w
  1176: Z5/prey2_state1_sms
  1177: Z5/prey2_state1_w
  1178: Z5/prey2_state2_sms
  1179: Z5/prey2_state2_w
  1180: Z5/prey2_state3_sms
  1181: Z5/prey2_state3_w
  1182: Z5/prey2_state4_sms
  1183: Z5/prey2_state4_w
  1184: Z5/prey2_state5_sms
  1185: Z5/prey2_state5_w
  1186: Z5/prey3_state1_sms
  1187: Z5/prey3_state1_w
  1188: Z5/prey3_state2_sms
  1189: Z5/prey3_state2_w
  1190: Z5/prey3_state3_sms
  1191: Z5/prey3_state3_w
  1192: Z5/prey3_state4_sms
  1193: Z5/prey3_state4_w
  1194: Z5/prey4_state1_sms
  1195: Z5/prey4_state1_w
  1196: Z5/prey4_state2_sms
  1197: Z5/prey4_state2_w
  1198: Z5/prey4_state3_sms
  1199: Z5/prey4_state3_w
  1200: Z5/prey4_state4_sms
  1201: Z5/prey4_state4_w
  1202: Z5/prey5_state1_sms
  1203: Z5/prey5_state1_w
  1204: Z5/prey5_state2_sms
  1205: Z5/prey5_state2_w
  1206: Z5/prey5_state3_sms
  1207: Z5/prey5_state3_w
  1208: Z5/prey5_state4_sms
  1209: Z5/prey5_state4_w
  1210: Z5/prey6_state1_sms
  1211: Z5/prey6_state1_w
  1212: Z5/prey6_state2_sms
  1213: Z5/prey6_state2_w
  1214: Z5/prey6_state3_sms
  1215: Z5/prey6_state3_w
  1216: Z5/prey7_state1_sms
  1217: Z5/prey7_state1_w
  1218: Z5/prey7_state2_sms
  1219: Z5/prey7_state2_w
  1220: Z5/prey7_state3_sms
  1221: Z5/prey7_state3_w
  1222: Z6/prey1_state1_sms
  1223: Z6/prey1_state1_w
  1224: Z6/prey1_state2_sms
  1225: Z6/prey1_state2_w
  1226: Z6/prey1_state3_sms
  1227: Z6/prey1_state3_w
  1228: Z6/prey2_state1_sms
  1229: Z6/prey2_state1_w
  1230: Z6/prey2_state2_sms
  1231: Z6/prey2_state2_w
  1232: Z6/prey2_state3_sms
  1233: Z6/prey2_state3_w
  1234: Z6/prey2_state4_sms
  1235: Z6/prey2_state4_w
  1236: Z6/prey2_state5_sms
  1237: Z6/prey2_state5_w
  1238: Z6/prey3_state1_sms
  1239: Z6/prey3_state1_w
  1240: Z6/prey3_state2_sms
  1241: Z6/prey3_state2_w
  1242: Z6/prey3_state3_sms
  1243: Z6/prey3_state3_w
  1244: Z6/prey3_state4_sms
  1245: Z6/prey3_state4_w
  1246: Z6/prey4_state1_sms
  1247: Z6/prey4_state1_w
  1248: Z6/prey4_state2_sms
  1249: Z6/prey4_state2_w
  1250: Z6/prey4_state3_sms
  1251: Z6/prey4_state3_w
  1252: Z6/prey4_state4_sms
  1253: Z6/prey4_state4_w
  1254: Z6/prey5_state1_sms
  1255: Z6/prey5_state1_w
  1256: Z6/prey5_state2_sms
  1257: Z6/prey5_state2_w
  1258: Z6/prey5_state3_sms
  1259: Z6/prey5_state3_w
  1260: Z6/prey5_state4_sms
  1261: Z6/prey5_state4_w
  1262: Z6/prey6_state1_sms
  1263: Z6/prey6_state1_w
  1264: Z6/prey6_state2_sms
  1265: Z6/prey6_state2_w
  1266: Z6/prey6_state3_sms
  1267: Z6/prey6_state3_w
  1268: Z6/prey7_state1_sms
  1269: Z6/prey7_state1_w
  1270: Z6/prey7_state2_sms
  1271: Z6/prey7_state2_w
  1272: Z6/prey7_state3_sms
  1273: Z6/prey7_state3_w
  1274: Z3/prey1_state1_sms
  1275: Z3/prey1_state1_w
  1276: Z3/prey1_state2_sms
  1277: Z3/prey1_state2_w
  1278: Z3/prey1_state3_sms
  1279: Z3/prey1_state3_w
  1280: Z3/prey1_state4_sms
  1281: Z3/prey1_state4_w
  1282: Z3/prey2_state1_sms
  1283: Z3/prey2_state1_w
  1284: Z3/prey2_state2_sms
  1285: Z3/prey2_state2_w
  1286: Z3/prey2_state3_sms
  1287: Z3/prey2_state3_w
  1288: Z3/prey3_state1_sms
  1289: Z3/prey3_state1_w
  1290: Z3/prey3_state2_sms
  1291: Z3/prey3_state2_w
  1292: Z3/prey3_state3_sms
  1293: Z3/prey3_state3_w
  1294: Z4/prey1_state1_sms
  1295: Z4/prey1_state1_w
  1296: Z4/prey1_state2_sms
  1297: Z4/prey1_state2_w
  1298: Z4/prey1_state3_sms
  1299: Z4/prey1_state3_w
  1300: Z4/prey1_state4_sms
  1301: Z4/prey1_state4_w
  1302: Z4/prey1_state5_sms
  1303: Z4/prey1_state5_w
  1304: Z4/prey2_state1_sms
  1305: Z4/prey2_state1_w
  1306: Z4/prey2_state2_sms
  1307: Z4/prey2_state2_w
  1308: Z4/prey2_state3_sms
  1309: Z4/prey2_state3_w
  1310: Z4/prey2_state4_sms
  1311: Z4/prey2_state4_w
  1312: Z4/prey3_state1_sms
  1313: Z4/prey3_state1_w
  1314: Z4/prey3_state2_sms
  1315: Z4/prey3_state2_w
  1316: Z4/prey3_state3_sms
  1317: Z4/prey3_state3_w
  1318: Z4/prey3_state4_sms
  1319: Z4/prey3_state4_w
  1320: Z4/prey4_state1_sms
  1321: Z4/prey4_state1_w
  1322: Z4/prey4_state2_sms
  1323: Z4/prey4_state2_w
  1324: Z4/prey4_state3_sms
  1325: Z4/prey4_state3_w
  1326: Z4/prey5_state1_sms
  1327: Z4/prey5_state1_w
  1328: Z4/prey5_state2_sms
  1329: Z4/prey5_state2_w
  1330: Z4/prey5_state3_sms
  1331: Z4/prey5_state3_w
  1332: total_chlorophyll_calculator/result
  1333: total_carbon_calculator/result
  1334: total_phosphorus_calculator/result
  1335: total_nitrogen_calculator/result
  1336: total_silicate_calculator/result
  1337: attenuation_coefficient_of_photosynthetic_radiative_flux_calculator/result
  1338: P2/total_silicate
  1339: P3/total_silicate
  1340: P4/total_silicate
  1341: B1/total_chlorophyll
  1342: B1/total_silicate
  1343: Z5/total_chlorophyll
  1344: Z5/total_silicate
  1345: Z6/total_chlorophyll
  1346: Z6/total_silicate
  1347: Z3/total_silicate
  1348: Z3/total_chlorophyll
  1349: Z4/total_silicate
  1350: Z4/total_chlorophyll
  1351: zero_sms_tot
  1352: zero_w_tot
  1353: N1/p_sms_tot_calculator/result
  1354: N1/p_w_tot_calculator/result
  1355: N3/n_sms_tot_calculator/result
  1356: N3/n_w_tot_calculator/result
  1357: N4/n_sms_tot_calculator/result
  1358: N4/n_w_tot_calculator/result
  1359: N5/s_sms_tot_calculator/result
  1360: N5/s_w_tot_calculator/result
  1361: N6/r_sms_tot_calculator/result
  1362: N6/r_w_tot_calculator/result
  1363: O3/c_sms_tot_calculator/result
  1364: O3/c_w_tot_calculator/result
  1365: O2/o_sms_tot_calculator/result
  1366: O2/o_w_tot_calculator/result
  1367: O3h/h_sms_tot_calculator/result
  1368: O3h/h_w_tot_calculator/result
  1369: O4/n_sms_tot_calculator/result
  1370: O4/n_w_tot_calculator/result
  1371: R1/c_sms_tot_calculator/result
  1372: R1/c_w_tot_calculator/result
  1373: R1/n_sms_tot_calculator/result
  1374: R1/n_w_tot_calculator/result
  1375: R1/p_sms_tot_calculator/result
  1376: R1/p_w_tot_calculator/result
  1377: R2/c_sms_tot_calculator/result
  1378: R2/c_w_tot_calculator/result
  1379: R3/c_sms_tot_calculator/result
  1380: R3/c_w_tot_calculator/result
  1381: R6/c_sms_tot_calculator/result
  1382: R6/c_w_tot_calculator/result
  1383: R6/n_sms_tot_calculator/result
  1384: R6/n_w_tot_calculator/result
  1385: R6/p_sms_tot_calculator/result
  1386: R6/p_w_tot_calculator/result
  1387: R6/s_sms_tot_calculator/result
  1388: R6/s_w_tot_calculator/result
  1389: X1/c_sms_tot_calculator/result
  1390: X1/c_w_tot_calculator/result
  1391: X2/c_sms_tot_calculator/result
  1392: X2/c_w_tot_calculator/result
  1393: X3/c_sms_tot_calculator/result
  1394: X3/c_w_tot_calculator/result
  1395: P1/c_sms_tot_calculator/result
  1396: P1/c_w_tot_calculator/result
  1397: P1/n_sms_tot_calculator/result
  1398: P1/n_w_tot_calculator/result
  1399: P1/p_sms_tot_calculator/result
  1400: P1/p_w_tot_calculator/result
  1401: P1/Chl_sms_tot_calculator/result
  1402: P1/Chl_w_tot_calculator/result
  1403: P1/s_sms_tot_calculator/result
  1404: P1/s_w_tot_calculator/result
  1405: P2/c_sms_tot_calculator/result
  1406: P2/c_w_tot_calculator/result
  1407: P2/n_sms_tot_calculator/result
  1408: P2/n_w_tot_calculator/result
  1409: P2/p_sms_tot_calculator/result
  1410: P2/p_w_tot_calculator/result
  1411: P2/Chl_sms_tot_calculator/result
  1412: P2/Chl_w_tot_calculator/result
  1413: P2/total_silicate_sms_tot_calculator/result
  1414: P2/total_silicate_w_tot_calculator/result
  1415: P3/c_sms_tot_calculator/result
  1416: P3/c_w_tot_calculator/result
  1417: P3/n_sms_tot_calculator/result
  1418: P3/n_w_tot_calculator/result
  1419: P3/p_sms_tot_calculator/result
  1420: P3/p_w_tot_calculator/result
  1421: P3/Chl_sms_tot_calculator/result
  1422: P3/Chl_w_tot_calculator/result
  1423: P3/total_silicate_sms_tot_calculator/result
  1424: P3/total_silicate_w_tot_calculator/result
  1425: P4/c_sms_tot_calculator/result
  1426: P4/c_w_tot_calculator/result
  1427: P4/n_sms_tot_calculator/result
  1428: P4/n_w_tot_calculator/result
  1429: P4/p_sms_tot_calculator/result
  1430: P4/p_w_tot_calculator/result
  1431: P4/Chl_sms_tot_calculator/result
  1432: P4/Chl_w_tot_calculator/result
  1433: P4/total_silicate_sms_tot_calculator/result
  1434: P4/total_silicate_w_tot_calculator/result
  1435: B1/c_sms_tot_calculator/result
  1436: B1/c_w_tot_calculator/result
  1437: B1/n_sms_tot_calculator/result
  1438: B1/n_w_tot_calculator/result
  1439: B1/p_sms_tot_calculator/result
  1440: B1/p_w_tot_calculator/result
  1441: B1/total_chlorophyll_sms_tot_calculator/result
  1442: B1/total_chlorophyll_w_tot_calculator/result
  1443: B1/total_silicate_sms_tot_calculator/result
  1444: B1/total_silicate_w_tot_calculator/result
  1445: Z5/c_sms_tot_calculator/result
  1446: Z5/c_w_tot_calculator/result
  1447: Z5/n_sms_tot_calculator/result
  1448: Z5/n_w_tot_calculator/result
  1449: Z5/p_sms_tot_calculator/result
  1450: Z5/p_w_tot_calculator/result
  1451: Z5/total_chlorophyll_sms_tot_calculator/result
  1452: Z5/total_chlorophyll_w_tot_calculator/result
  1453: Z5/total_silicate_sms_tot_calculator/result
  1454: Z5/total_silicate_w_tot_calculator/result
  1455: Z6/c_sms_tot_calculator/result
  1456: Z6/c_w_tot_calculator/result
  1457: Z6/n_sms_tot_calculator/result
  1458: Z6/n_w_tot_calculator/result
  1459: Z6/p_sms_tot_calculator/result
  1460: Z6/p_w_tot_calculator/result
  1461: Z6/total_chlorophyll_sms_tot_calculator/result
  1462: Z6/total_chlorophyll_w_tot_calculator/result
  1463: Z6/total_silicate_sms_tot_calculator/result
  1464: Z6/total_silicate_w_tot_calculator/result
  1465: Z3/c_sms_tot_calculator/result
  1466: Z3/c_w_tot_calculator/result
  1467: Z3/n_sms_tot_calculator/result
  1468: Z3/n_w_tot_calculator/result
  1469: Z3/p_sms_tot_calculator/result
  1470: Z3/p_w_tot_calculator/result
  1471: Z4/c_sms_tot_calculator/result
  1472: Z4/c_w_tot_calculator/result
  1473: Z4/n_sms_tot_calculator/result
  1474: Z4/n_w_tot_calculator/result
  1475: Z4/p_sms_tot_calculator/result
  1476: Z4/p_w_tot_calculator/result
  1477: Z4/total_silicate_sms_tot_calculator/result
  1478: Z4/total_silicate_w_tot_calculator/result
  1479: Z4/total_chlorophyll_sms_tot_calculator/result
  1480: Z4/total_chlorophyll_w_tot_calculator/result
  1481: O5/c_sms_tot_calculator/result
  1482: O5/c_w_tot_calculator/result
  1483: cell_thickness
  1484: temperature
  1485: practical_salinity
  1486: density
  1487: depth
  1488: pressure
Horizontal catalog:
  1: zenith_angle/zenithA
  2: zenith_angle/_surface_albedo
  3: zenith_angle/_surface_drag_coefficient_in_air
  4: light/P1chl_sfl
  5: light/P1chl_bfl
  6: light/P2chl_sfl
  7: light/P2chl_bfl
  8: light/P3chl_sfl
  9: light/P3chl_bfl
  10: light/P4chl_sfl
  11: light/P4chl_bfl
  12: light/X1c_sfl
  13: light/X1c_bfl
  14: light/X2c_sfl
  15: light/X2c_bfl
  16: light/X3c_sfl
  17: light/X3c_bfl
  18: light/_surface_albedo
  19: light/_surface_drag_coefficient_in_air
  20: lightspectral/Rrs400
  21: lightspectral/Rrs425
  22: lightspectral/Rrs450
  23: lightspectral/Rrs475
  24: lightspectral/Rrs500
  25: lightspectral/Rrs525
  26: lightspectral/Rrs550
  27: lightspectral/Rrs575
  28: lightspectral/Rrs675
  29: lightspectral/kd375
  30: lightspectral/kd400
  31: lightspectral/kd425
  32: lightspectral/kd475
  33: lightspectral/kd500
  34: lightspectral/P1c_sfl
  35: lightspectral/P1c_bfl
  36: lightspectral/P2c_sfl
  37: lightspectral/P2c_bfl
  38: lightspectral/P3c_sfl
  39: lightspectral/P3c_bfl
  40: lightspectral/P4c_sfl
  41: lightspectral/P4c_bfl
  42: lightspectral/P1chl_sfl
  43: lightspectral/P1chl_bfl
  44: lightspectral/P2chl_sfl
  45: lightspectral/P2chl_bfl
  46: lightspectral/P3chl_sfl
  47: lightspectral/P3chl_bfl
  48: lightspectral/P4chl_sfl
  49: lightspectral/P4chl_bfl
  50: lightspectral/R6c_sfl
  51: lightspectral/R6c_bfl
  52: lightspectral/X1c_sfl
  53: lightspectral/X1c_bfl
  54: lightspectral/X2c_sfl
  55: lightspectral/X2c_bfl
  56: lightspectral/X3c_sfl
  57: lightspectral/X3c_bfl
  58: lightspectral/_surface_albedo
  59: lightspectral/_surface_drag_coefficient_in_air
  60: N1/p_sfl
  61: N1/p_bfl
  62: N1/_surface_albedo
  63: N1/_surface_drag_coefficient_in_air
  64: N3/n_sfl
  65: N3/n_bfl
  66: N3/_surface_albedo
  67: N3/_surface_drag_coefficient_in_air
  68: N4/n_sfl
  69: N4/n_bfl
  70: N4/_surface_albedo
  71: N4/_surface_drag_coefficient_in_air
  72: N5/s_sfl
  73: N5/s_bfl
  74: N5/_surface_albedo
  75: N5/_surface_drag_coefficient_in_air
  76: N6/r_sfl
  77: N6/r_bfl
  78: N6/_surface_albedo
  79: N6/_surface_drag_coefficient_in_air
  80: O3/c_sfl
  81: O3/c_bfl
  82: O3/N1p_sfl
  83: O3/N1p_bfl
  84: O3/N5s_sfl
  85: O3/N5s_bfl
  86: O3/O3h_sfl
  87: O3/O3h_bfl
  88: O3/fair
  89: O3/wind
  90: O3/_surface_albedo
  91: O3/_surface_drag_coefficient_in_air
  92: O2/o_sfl
  93: O2/o_bfl
  94: O2/o2flux
  95: O2/_surface_albedo
  96: O2/_surface_drag_coefficient_in_air
  97: O3h/h_sfl
  98: O3h/h_bfl
  99: O3h/_surface_albedo
  100: O3h/_surface_drag_coefficient_in_air
  101: O4/n_sfl
  102: O4/n_bfl
  103: O4/_surface_albedo
  104: O4/_surface_drag_coefficient_in_air
  105: R1/c_sfl
  106: R1/c_bfl
  107: R1/n_sfl
  108: R1/n_bfl
  109: R1/p_sfl
  110: R1/p_bfl
  111: R1/_surface_albedo
  112: R1/_surface_drag_coefficient_in_air
  113: R2/c_sfl
  114: R2/c_bfl
  115: R2/_surface_albedo
  116: R2/_surface_drag_coefficient_in_air
  117: R3/c_sfl
  118: R3/c_bfl
  119: R3/_surface_albedo
  120: R3/_surface_drag_coefficient_in_air
  121: R6/c_sfl
  122: R6/c_bfl
  123: R6/n_sfl
  124: R6/n_bfl
  125: R6/p_sfl
  126: R6/p_bfl
  127: R6/s_sfl
  128: R6/s_bfl
  129: R6/_surface_albedo
  130: R6/_surface_drag_coefficient_in_air
  131: X1/c_sfl
  132: X1/c_bfl
  133: X1/_surface_albedo
  134: X1/_surface_drag_coefficient_in_air
  135: X2/c_sfl
  136: X2/c_bfl
  137: X2/_surface_albedo
  138: X2/_surface_drag_coefficient_in_air
  139: X3/c_sfl
  140: X3/c_bfl
  141: X3/_surface_albedo
  142: X3/_surface_drag_coefficient_in_air
  143: P1/c_sfl
  144: P1/c_bfl
  145: P1/n_sfl
  146: P1/n_bfl
  147: P1/p_sfl
  148: P1/p_bfl
  149: P1/Chl_sfl
  150: P1/Chl_bfl
  151: P1/s_sfl
  152: P1/s_bfl
  153: P1/O3c_sfl
  154: P1/O3c_bfl
  155: P1/O3h_sfl
  156: P1/O3h_bfl
  157: P1/O5c_sfl
  158: P1/O5c_bfl
  159: P1/O2o_sfl
  160: P1/O2o_bfl
  161: P1/N1p_sfl
  162: P1/N1p_bfl
  163: P1/N3n_sfl
  164: P1/N3n_bfl
  165: P1/N4n_sfl
  166: P1/N4n_bfl
  167: P1/N5s_sfl
  168: P1/N5s_bfl
  169: P1/R1c_sfl
  170: P1/R1c_bfl
  171: P1/R1p_sfl
  172: P1/R1p_bfl
  173: P1/R1n_sfl
  174: P1/R1n_bfl
  175: P1/R2c_sfl
  176: P1/R2c_bfl
  177: P1/R6c_sfl
  178: P1/R6c_bfl
  179: P1/R6p_sfl
  180: P1/R6p_bfl
  181: P1/R6n_sfl
  182: P1/R6n_bfl
  183: P1/R6s_sfl
  184: P1/R6s_bfl
  185: P1/X1c_sfl
  186: P1/X1c_bfl
  187: P1/X2c_sfl
  188: P1/X2c_bfl
  189: P1/_surface_albedo
  190: P1/_surface_drag_coefficient_in_air
  191: P2/c_sfl
  192: P2/c_bfl
  193: P2/n_sfl
  194: P2/n_bfl
  195: P2/p_sfl
  196: P2/p_bfl
  197: P2/Chl_sfl
  198: P2/Chl_bfl
  199: P2/O3c_sfl
  200: P2/O3c_bfl
  201: P2/O3h_sfl
  202: P2/O3h_bfl
  203: P2/O5c_sfl
  204: P2/O5c_bfl
  205: P2/O2o_sfl
  206: P2/O2o_bfl
  207: P2/N1p_sfl
  208: P2/N1p_bfl
  209: P2/N3n_sfl
  210: P2/N3n_bfl
  211: P2/N4n_sfl
  212: P2/N4n_bfl
  213: P2/R1c_sfl
  214: P2/R1c_bfl
  215: P2/R1p_sfl
  216: P2/R1p_bfl
  217: P2/R1n_sfl
  218: P2/R1n_bfl
  219: P2/R2c_sfl
  220: P2/R2c_bfl
  221: P2/R6c_sfl
  222: P2/R6c_bfl
  223: P2/R6p_sfl
  224: P2/R6p_bfl
  225: P2/R6n_sfl
  226: P2/R6n_bfl
  227: P2/X1c_sfl
  228: P2/X1c_bfl
  229: P2/X2c_sfl
  230: P2/X2c_bfl
  231: P2/_surface_albedo
  232: P2/_surface_drag_coefficient_in_air
  233: P3/c_sfl
  234: P3/c_bfl
  235: P3/n_sfl
  236: P3/n_bfl
  237: P3/p_sfl
  238: P3/p_bfl
  239: P3/Chl_sfl
  240: P3/Chl_bfl
  241: P3/O3c_sfl
  242: P3/O3c_bfl
  243: P3/O3h_sfl
  244: P3/O3h_bfl
  245: P3/O5c_sfl
  246: P3/O5c_bfl
  247: P3/O2o_sfl
  248: P3/O2o_bfl
  249: P3/N1p_sfl
  250: P3/N1p_bfl
  251: P3/N3n_sfl
  252: P3/N3n_bfl
  253: P3/N4n_sfl
  254: P3/N4n_bfl
  255: P3/R1c_sfl
  256: P3/R1c_bfl
  257: P3/R1p_sfl
  258: P3/R1p_bfl
  259: P3/R1n_sfl
  260: P3/R1n_bfl
  261: P3/R2c_sfl
  262: P3/R2c_bfl
  263: P3/R6c_sfl
  264: P3/R6c_bfl
  265: P3/R6p_sfl
  266: P3/R6p_bfl
  267: P3/R6n_sfl
  268: P3/R6n_bfl
  269: P3/X1c_sfl
  270: P3/X1c_bfl
  271: P3/X2c_sfl
  272: P3/X2c_bfl
  273: P3/_surface_albedo
  274: P3/_surface_drag_coefficient_in_air
  275: P4/c_sfl
  276: P4/c_bfl
  277: P4/n_sfl
  278: P4/n_bfl
  279: P4/p_sfl
  280: P4/p_bfl
  281: P4/Chl_sfl
  282: P4/Chl_bfl
  283: P4/O3c_sfl
  284: P4/O3c_bfl
  285: P4/O3h_sfl
  286: P4/O3h_bfl
  287: P4/O5c_sfl
  288: P4/O5c_bfl
  289: P4/O2o_sfl
  290: P4/O2o_bfl
  291: P4/N1p_sfl
  292: P4/N1p_bfl
  293: P4/N3n_sfl
  294: P4/N3n_bfl
  295: P4/N4n_sfl
  296: P4/N4n_bfl
  297: P4/R1c_sfl
  298: P4/R1c_bfl
  299: P4/R1p_sfl
  300: P4/R1p_bfl
  301: P4/R1n_sfl
  302: P4/R1n_bfl
  303: P4/R2c_sfl
  304: P4/R2c_bfl
  305: P4/R6c_sfl
  306: P4/R6c_bfl
  307: P4/R6p_sfl
  308: P4/R6p_bfl
  309: P4/R6n_sfl
  310: P4/R6n_bfl
  311: P4/X1c_sfl
  312: P4/X1c_bfl
  313: P4/X2c_sfl
  314: P4/X2c_bfl
  315: P4/_surface_albedo
  316: P4/_surface_drag_coefficient_in_air
  317: B1/c_sfl
  318: B1/c_bfl
  319: B1/n_sfl
  320: B1/n_bfl
  321: B1/p_sfl
  322: B1/p_bfl
  323: B1/O2o_sfl
  324: B1/O2o_bfl
  325: B1/O3c_sfl
  326: B1/O3c_bfl
  327: B1/O3h_sfl
  328: B1/O3h_bfl
  329: B1/N1p_sfl
  330: B1/N1p_bfl
  331: B1/N3n_sfl
  332: B1/N3n_bfl
  333: B1/N4n_sfl
  334: B1/N4n_bfl
  335: B1/N6r_sfl
  336: B1/N6r_bfl
  337: B1/R1c_sfl
  338: B1/R1c_bfl
  339: B1/R1p_sfl
  340: B1/R1p_bfl
  341: B1/R1n_sfl
  342: B1/R1n_bfl
  343: B1/R2c_sfl
  344: B1/R2c_bfl
  345: B1/R3c_sfl
  346: B1/R3c_bfl
  347: B1/R6c_sfl
  348: B1/R6c_bfl
  349: B1/R6p_sfl
  350: B1/R6p_bfl
  351: B1/R6n_sfl
  352: B1/R6n_bfl
  353: B1/X1c_sfl
  354: B1/X1c_bfl
  355: B1/X2c_sfl
  356: B1/X2c_bfl
  357: B1/X3c_sfl
  358: B1/X3c_bfl
  359: B1/_surface_albedo
  360: B1/_surface_drag_coefficient_in_air
  361: Z5/c_sfl
  362: Z5/c_bfl
  363: Z5/n_sfl
  364: Z5/n_bfl
  365: Z5/p_sfl
  366: Z5/p_bfl
  367: Z5/prey1c_sfl
  368: Z5/prey1c_bfl
  369: Z5/prey1n_sfl
  370: Z5/prey1n_bfl
  371: Z5/prey1p_sfl
  372: Z5/prey1p_bfl
  373: Z5/prey1s_sfl
  374: Z5/prey1s_bfl
  375: Z5/prey1Chl_sfl
  376: Z5/prey1Chl_bfl
  377: Z5/prey2c_sfl
  378: Z5/prey2c_bfl
  379: Z5/prey2n_sfl
  380: Z5/prey2n_bfl
  381: Z5/prey2p_sfl
  382: Z5/prey2p_bfl
  383: Z5/prey2s_sfl
  384: Z5/prey2s_bfl
  385: Z5/prey2Chl_sfl
  386: Z5/prey2Chl_bfl
  387: Z5/prey3c_sfl
  388: Z5/prey3c_bfl
  389: Z5/prey3n_sfl
  390: Z5/prey3n_bfl
  391: Z5/prey3p_sfl
  392: Z5/prey3p_bfl
  393: Z5/prey3s_sfl
  394: Z5/prey3s_bfl
  395: Z5/prey3Chl_sfl
  396: Z5/prey3Chl_bfl
  397: Z5/prey4c_sfl
  398: Z5/prey4c_bfl
  399: Z5/prey4n_sfl
  400: Z5/prey4n_bfl
  401: Z5/prey4p_sfl
  402: Z5/prey4p_bfl
  403: Z5/prey4s_sfl
  404: Z5/prey4s_bfl
  405: Z5/prey4Chl_sfl
  406: Z5/prey4Chl_bfl
  407: Z5/prey5c_sfl
  408: Z5/prey5c_bfl
  409: Z5/prey5n_sfl
  410: Z5/prey5n_bfl
  411: Z5/prey5p_sfl
  412: Z5/prey5p_bfl
  413: Z5/prey5s_sfl
  414: Z5/prey5s_bfl
  415: Z5/prey5Chl_sfl
  416: Z5/prey5Chl_bfl
  417: Z5/prey6c_sfl
  418: Z5/prey6c_bfl
  419: Z5/prey6n_sfl
  420: Z5/prey6n_bfl
  421: Z5/prey6p_sfl
  422: Z5/prey6p_bfl
  423: Z5/prey6s_sfl
  424: Z5/prey6s_bfl
  425: Z5/prey6Chl_sfl
  426: Z5/prey6Chl_bfl
  427: Z5/prey7c_sfl
  428: Z5/prey7c_bfl
  429: Z5/prey7n_sfl
  430: Z5/prey7n_bfl
  431: Z5/prey7p_sfl
  432: Z5/prey7p_bfl
  433: Z5/prey7s_sfl
  434: Z5/prey7s_bfl
  435: Z5/prey7Chl_sfl
  436: Z5/prey7Chl_bfl
  437: Z5/O2o_sfl
  438: Z5/O2o_bfl
  439: Z5/O3c_sfl
  440: Z5/O3c_bfl
  441: Z5/O5c_sfl
  442: Z5/O5c_bfl
  443: Z5/O3h_sfl
  444: Z5/O3h_bfl
  445: Z5/N4n_sfl
  446: Z5/N4n_bfl
  447: Z5/N1p_sfl
  448: Z5/N1p_bfl
  449: Z5/R6c_sfl
  450: Z5/R6c_bfl
  451: Z5/R6s_sfl
  452: Z5/R6s_bfl
  453: Z5/R6n_sfl
  454: Z5/R6n_bfl
  455: Z5/R6p_sfl
  456: Z5/R6p_bfl
  457: Z5/X1c_sfl
  458: Z5/X1c_bfl
  459: Z5/R1c_sfl
  460: Z5/R1c_bfl
  461: Z5/R1n_sfl
  462: Z5/R1n_bfl
  463: Z5/R1p_sfl
  464: Z5/R1p_bfl
  465: Z5/_surface_albedo
  466: Z5/_surface_drag_coefficient_in_air
  467: Z6/c_sfl
  468: Z6/c_bfl
  469: Z6/n_sfl
  470: Z6/n_bfl
  471: Z6/p_sfl
  472: Z6/p_bfl
  473: Z6/prey1c_sfl
  474: Z6/prey1c_bfl
  475: Z6/prey1n_sfl
  476: Z6/prey1n_bfl
  477: Z6/prey1p_sfl
  478: Z6/prey1p_bfl
  479: Z6/prey1s_sfl
  480: Z6/prey1s_bfl
  481: Z6/prey1Chl_sfl
  482: Z6/prey1Chl_bfl
  483: Z6/prey2c_sfl
  484: Z6/prey2c_bfl
  485: Z6/prey2n_sfl
  486: Z6/prey2n_bfl
  487: Z6/prey2p_sfl
  488: Z6/prey2p_bfl
  489: Z6/prey2s_sfl
  490: Z6/prey2s_bfl
  491: Z6/prey2Chl_sfl
  492: Z6/prey2Chl_bfl
  493: Z6/prey3c_sfl
  494: Z6/prey3c_bfl
  495: Z6/prey3n_sfl
  496: Z6/prey3n_bfl
  497: Z6/prey3p_sfl
  498: Z6/prey3p_bfl
  499: Z6/prey3s_sfl
  500: Z6/prey3s_bfl
  501: Z6/prey3Chl_sfl
  502: Z6/prey3Chl_bfl
  503: Z6/prey4c_sfl
  504: Z6/prey4c_bfl
  505: Z6/prey4n_sfl
  506: Z6/prey4n_bfl
  507: Z6/prey4p_sfl
  508: Z6/prey4p_bfl
  509: Z6/prey4s_sfl
  510: Z6/prey4s_bfl
  511: Z6/prey4Chl_sfl
  512: Z6/prey4Chl_bfl
  513: Z6/prey5c_sfl
  514: Z6/prey5c_bfl
  515: Z6/prey5n_sfl
  516: Z6/prey5n_bfl
  517: Z6/prey5p_sfl
  518: Z6/prey5p_bfl
  519: Z6/prey5s_sfl
  520: Z6/prey5s_bfl
  521: Z6/prey5Chl_sfl
  522: Z6/prey5Chl_bfl
  523: Z6/prey6c_sfl
  524: Z6/prey6c_bfl
  525: Z6/prey6n_sfl
  526: Z6/prey6n_bfl
  527: Z6/prey6p_sfl
  528: Z6/prey6p_bfl
  529: Z6/prey6s_sfl
  530: Z6/prey6s_bfl
  531: Z6/prey6Chl_sfl
  532: Z6/prey6Chl_bfl
  533: Z6/prey7c_sfl
  534: Z6/prey7c_bfl
  535: Z6/prey7n_sfl
  536: Z6/prey7n_bfl
  537: Z6/prey7p_sfl
  538: Z6/prey7p_bfl
  539: Z6/prey7s_sfl
  540: Z6/prey7s_bfl
  541: Z6/prey7Chl_sfl
  542: Z6/prey7Chl_bfl
  543: Z6/O2o_sfl
  544: Z6/O2o_bfl
  545: Z6/O3c_sfl
  546: Z6/O3c_bfl
  547: Z6/O5c_sfl
  548: Z6/O5c_bfl
  549: Z6/O3h_sfl
  550: Z6/O3h_bfl
  551: Z6/N4n_sfl
  552: Z6/N4n_bfl
  553: Z6/N1p_sfl
  554: Z6/N1p_bfl
  555: Z6/R6c_sfl
  556: Z6/R6c_bfl
  557: Z6/R6s_sfl
  558: Z6/R6s_bfl
  559: Z6/R6n_sfl
  560: Z6/R6n_bfl
  561: Z6/R6p_sfl
  562: Z6/R6p_bfl
  563: Z6/X1c_sfl
  564: Z6/X1c_bfl
  565: Z6/R1c_sfl
  566: Z6/R1c_bfl
  567: Z6/R1n_sfl
  568: Z6/R1n_bfl
  569: Z6/R1p_sfl
  570: Z6/R1p_bfl
  571: Z6/_surface_albedo
  572: Z6/_surface_drag_coefficient_in_air
  573: Z3/c_sfl
  574: Z3/c_bfl
  575: Z3/n_sfl
  576: Z3/n_bfl
  577: Z3/p_sfl
  578: Z3/p_bfl
  579: Z3/prey1c_sfl
  580: Z3/prey1c_bfl
  581: Z3/prey1n_sfl
  582: Z3/prey1n_bfl
  583: Z3/prey1p_sfl
  584: Z3/prey1p_bfl
  585: Z3/prey1Chl_sfl
  586: Z3/prey1Chl_bfl
  587: Z3/prey1s_sfl
  588: Z3/prey1s_bfl
  589: Z3/prey2c_sfl
  590: Z3/prey2c_bfl
  591: Z3/prey2n_sfl
  592: Z3/prey2n_bfl
  593: Z3/prey2p_sfl
  594: Z3/prey2p_bfl
  595: Z3/prey2Chl_sfl
  596: Z3/prey2Chl_bfl
  597: Z3/prey2s_sfl
  598: Z3/prey2s_bfl
  599: Z3/prey3c_sfl
  600: Z3/prey3c_bfl
  601: Z3/prey3n_sfl
  602: Z3/prey3n_bfl
  603: Z3/prey3p_sfl
  604: Z3/prey3p_bfl
  605: Z3/prey3Chl_sfl
  606: Z3/prey3Chl_bfl
  607: Z3/prey3s_sfl
  608: Z3/prey3s_bfl
  609: Z3/O2o_sfl
  610: Z3/O2o_bfl
  611: Z3/O3c_sfl
  612: Z3/O3c_bfl
  613: Z3/O3h_sfl
  614: Z3/O3h_bfl
  615: Z3/O5c_sfl
  616: Z3/O5c_bfl
  617: Z3/N1p_sfl
  618: Z3/N1p_bfl
  619: Z3/N4n_sfl
  620: Z3/N4n_bfl
  621: Z3/R6c_sfl
  622: Z3/R6c_bfl
  623: Z3/R6p_sfl
  624: Z3/R6p_bfl
  625: Z3/R6n_sfl
  626: Z3/R6n_bfl
  627: Z3/R6s_sfl
  628: Z3/R6s_bfl
  629: Z3/_surface_albedo
  630: Z3/_surface_drag_coefficient_in_air
  631: Z4/c_sfl
  632: Z4/c_bfl
  633: Z4/n_sfl
  634: Z4/n_bfl
  635: Z4/p_sfl
  636: Z4/p_bfl
  637: Z4/prey1c_sfl
  638: Z4/prey1c_bfl
  639: Z4/prey1n_sfl
  640: Z4/prey1n_bfl
  641: Z4/prey1p_sfl
  642: Z4/prey1p_bfl
  643: Z4/prey1Chl_sfl
  644: Z4/prey1Chl_bfl
  645: Z4/prey1s_sfl
  646: Z4/prey1s_bfl
  647: Z4/prey2c_sfl
  648: Z4/prey2c_bfl
  649: Z4/prey2n_sfl
  650: Z4/prey2n_bfl
  651: Z4/prey2p_sfl
  652: Z4/prey2p_bfl
  653: Z4/prey2Chl_sfl
  654: Z4/prey2Chl_bfl
  655: Z4/prey2s_sfl
  656: Z4/prey2s_bfl
  657: Z4/prey3c_sfl
  658: Z4/prey3c_bfl
  659: Z4/prey3n_sfl
  660: Z4/prey3n_bfl
  661: Z4/prey3p_sfl
  662: Z4/prey3p_bfl
  663: Z4/prey3Chl_sfl
  664: Z4/prey3Chl_bfl
  665: Z4/prey3s_sfl
  666: Z4/prey3s_bfl
  667: Z4/prey4c_sfl
  668: Z4/prey4c_bfl
  669: Z4/prey4n_sfl
  670: Z4/prey4n_bfl
  671: Z4/prey4p_sfl
  672: Z4/prey4p_bfl
  673: Z4/prey4Chl_sfl
  674: Z4/prey4Chl_bfl
  675: Z4/prey4s_sfl
  676: Z4/prey4s_bfl
  677: Z4/prey5c_sfl
  678: Z4/prey5c_bfl
  679: Z4/prey5n_sfl
  680: Z4/prey5n_bfl
  681: Z4/prey5p_sfl
  682: Z4/prey5p_bfl
  683: Z4/prey5Chl_sfl
  684: Z4/prey5Chl_bfl
  685: Z4/prey5s_sfl
  686: Z4/prey5s_bfl
  687: Z4/O2o_sfl
  688: Z4/O2o_bfl
  689: Z4/O3c_sfl
  690: Z4/O3c_bfl
  691: Z4/O3h_sfl
  692: Z4/O3h_bfl
  693: Z4/O5c_sfl
  694: Z4/O5c_bfl
  695: Z4/N1p_sfl
  696: Z4/N1p_bfl
  697: Z4/N4n_sfl
  698: Z4/N4n_bfl
  699: Z4/R6c_sfl
  700: Z4/R6c_bfl
  701: Z4/R6p_sfl
  702: Z4/R6p_bfl
  703: Z4/R6n_sfl
  704: Z4/R6n_bfl
  705: Z4/R6s_sfl
  706: Z4/R6s_bfl
  707: Z4/_surface_albedo
  708: Z4/_surface_drag_coefficient_in_air
  709: PelChem/O3h_sfl
  710: PelChem/O3h_bfl
  711: PelChem/O2o_sfl
  712: PelChem/O2o_bfl
  713: PelChem/N3n_sfl
  714: PelChem/N3n_bfl
  715: PelChem/N4n_sfl
  716: PelChem/N4n_bfl
  717: PelChem/N5s_sfl
  718: PelChem/N5s_bfl
  719: PelChem/N6r_sfl
  720: PelChem/N6r_bfl
  721: PelChem/R3c_sfl
  722: PelChem/R3c_bfl
  723: PelChem/R6s_sfl
  724: PelChem/R6s_bfl
  725: PelChem/X1c_sfl
  726: PelChem/X1c_bfl
  727: PelChem/X2c_sfl
  728: PelChem/X2c_bfl
  729: PelChem/X3c_sfl
  730: PelChem/X3c_bfl
  731: PelChem/O4n_sfl
  732: PelChem/O4n_bfl
  733: PelChem/_surface_albedo
  734: PelChem/_surface_drag_coefficient_in_air
  735: O5/c_sfl
  736: O5/c_bfl
  737: O5/O3c_sfl
  738: O5/O3c_bfl
  739: O5/O3h_sfl
  740: O5/O3h_bfl
  741: O5/_surface_albedo
  742: O5/_surface_drag_coefficient_in_air
  743: zero_hz
  744: Z5/prey1_state1_sfl
  745: Z5/prey1_state1_bfl
  746: Z5/prey1_state2_sfl
  747: Z5/prey1_state2_bfl
  748: Z5/prey1_state3_sfl
  749: Z5/prey1_state3_bfl
  750: Z5/prey2_state1_sfl
  751: Z5/prey2_state1_bfl
  752: Z5/prey2_state2_sfl
  753: Z5/prey2_state2_bfl
  754: Z5/prey2_state3_sfl
  755: Z5/prey2_state3_bfl
  756: Z5/prey2_state4_sfl
  757: Z5/prey2_state4_bfl
  758: Z5/prey2_state5_sfl
  759: Z5/prey2_state5_bfl
  760: Z5/prey3_state1_sfl
  761: Z5/prey3_state1_bfl
  762: Z5/prey3_state2_sfl
  763: Z5/prey3_state2_bfl
  764: Z5/prey3_state3_sfl
  765: Z5/prey3_state3_bfl
  766: Z5/prey3_state4_sfl
  767: Z5/prey3_state4_bfl
  768: Z5/prey4_state1_sfl
  769: Z5/prey4_state1_bfl
  770: Z5/prey4_state2_sfl
  771: Z5/prey4_state2_bfl
  772: Z5/prey4_state3_sfl
  773: Z5/prey4_state3_bfl
  774: Z5/prey4_state4_sfl
  775: Z5/prey4_state4_bfl
  776: Z5/prey5_state1_sfl
  777: Z5/prey5_state1_bfl
  778: Z5/prey5_state2_sfl
  779: Z5/prey5_state2_bfl
  780: Z5/prey5_state3_sfl
  781: Z5/prey5_state3_bfl
  782: Z5/prey5_state4_sfl
  783: Z5/prey5_state4_bfl
  784: Z5/prey6_state1_sfl
  785: Z5/prey6_state1_bfl
  786: Z5/prey6_state2_sfl
  787: Z5/prey6_state2_bfl
  788: Z5/prey6_state3_sfl
  789: Z5/prey6_state3_bfl
  790: Z5/prey7_state1_sfl
  791: Z5/prey7_state1_bfl
  792: Z5/prey7_state2_sfl
  793: Z5/prey7_state2_bfl
  794: Z5/prey7_state3_sfl
  795: Z5/prey7_state3_bfl
  796: Z6/prey1_state1_sfl
  797: Z6/prey1_state1_bfl
  798: Z6/prey1_state2_sfl
  799: Z6/prey1_state2_bfl
  800: Z6/prey1_state3_sfl
  801: Z6/prey1_state3_bfl
  802: Z6/prey2_state1_sfl
  803: Z6/prey2_state1_bfl
  804: Z6/prey2_state2_sfl
  805: Z6/prey2_state2_bfl
  806: Z6/prey2_state3_sfl
  807: Z6/prey2_state3_bfl
  808: Z6/prey2_state4_sfl
  809: Z6/prey2_state4_bfl
  810: Z6/prey2_state5_sfl
  811: Z6/prey2_state5_bfl
  812: Z6/prey3_state1_sfl
  813: Z6/prey3_state1_bfl
  814: Z6/prey3_state2_sfl
  815: Z6/prey3_state2_bfl
  816: Z6/prey3_state3_sfl
  817: Z6/prey3_state3_bfl
  818: Z6/prey3_state4_sfl
  819: Z6/prey3_state4_bfl
  820: Z6/prey4_state1_sfl
  821: Z6/prey4_state1_bfl
  822: Z6/prey4_state2_sfl
  823: Z6/prey4_state2_bfl
  824: Z6/prey4_state3_sfl
  825: Z6/prey4_state3_bfl
  826: Z6/prey4_state4_sfl
  827: Z6/prey4_state4_bfl
  828: Z6/prey5_state1_sfl
  829: Z6/prey5_state1_bfl
  830: Z6/prey5_state2_sfl
  831: Z6/prey5_state2_bfl
  832: Z6/prey5_state3_sfl
  833: Z6/prey5_state3_bfl
  834: Z6/prey5_state4_sfl
  835: Z6/prey5_state4_bfl
  836: Z6/prey6_state1_sfl
  837: Z6/prey6_state1_bfl
  838: Z6/prey6_state2_sfl
  839: Z6/prey6_state2_bfl
  840: Z6/prey6_state3_sfl
  841: Z6/prey6_state3_bfl
  842: Z6/prey7_state1_sfl
  843: Z6/prey7_state1_bfl
  844: Z6/prey7_state2_sfl
  845: Z6/prey7_state2_bfl
  846: Z6/prey7_state3_sfl
  847: Z6/prey7_state3_bfl
  848: Z3/prey1_state1_sfl
  849: Z3/prey1_state1_bfl
  850: Z3/prey1_state2_sfl
  851: Z3/prey1_state2_bfl
  852: Z3/prey1_state3_sfl
  853: Z3/prey1_state3_bfl
  854: Z3/prey1_state4_sfl
  855: Z3/prey1_state4_bfl
  856: Z3/prey2_state1_sfl
  857: Z3/prey2_state1_bfl
  858: Z3/prey2_state2_sfl
  859: Z3/prey2_state2_bfl
  860: Z3/prey2_state3_sfl
  861: Z3/prey2_state3_bfl
  862: Z3/prey3_state1_sfl
  863: Z3/prey3_state1_bfl
  864: Z3/prey3_state2_sfl
  865: Z3/prey3_state2_bfl
  866: Z3/prey3_state3_sfl
  867: Z3/prey3_state3_bfl
  868: Z4/prey1_state1_sfl
  869: Z4/prey1_state1_bfl
  870: Z4/prey1_state2_sfl
  871: Z4/prey1_state2_bfl
  872: Z4/prey1_state3_sfl
  873: Z4/prey1_state3_bfl
  874: Z4/prey1_state4_sfl
  875: Z4/prey1_state4_bfl
  876: Z4/prey1_state5_sfl
  877: Z4/prey1_state5_bfl
  878: Z4/prey2_state1_sfl
  879: Z4/prey2_state1_bfl
  880: Z4/prey2_state2_sfl
  881: Z4/prey2_state2_bfl
  882: Z4/prey2_state3_sfl
  883: Z4/prey2_state3_bfl
  884: Z4/prey2_state4_sfl
  885: Z4/prey2_state4_bfl
  886: Z4/prey3_state1_sfl
  887: Z4/prey3_state1_bfl
  888: Z4/prey3_state2_sfl
  889: Z4/prey3_state2_bfl
  890: Z4/prey3_state3_sfl
  891: Z4/prey3_state3_bfl
  892: Z4/prey3_state4_sfl
  893: Z4/prey3_state4_bfl
  894: Z4/prey4_state1_sfl
  895: Z4/prey4_state1_bfl
  896: Z4/prey4_state2_sfl
  897: Z4/prey4_state2_bfl
  898: Z4/prey4_state3_sfl
  899: Z4/prey4_state3_bfl
  900: Z4/prey5_state1_sfl
  901: Z4/prey5_state1_bfl
  902: Z4/prey5_state2_sfl
  903: Z4/prey5_state2_bfl
  904: Z4/prey5_state3_sfl
  905: Z4/prey5_state3_bfl
  906: surface_albedo_calculator/result
  907: surface_drag_coefficient_in_air_calculator/result
  908: zero_sfl_tot
  909: zero_bfl_tot
  910: zero_hz_sms_tot
  911: N1/p_sfl_tot_calculator/result
  912: N1/p_bfl_tot_calculator/result
  913: N3/n_sfl_tot_calculator/result
  914: N3/n_bfl_tot_calculator/result
  915: N4/n_sfl_tot_calculator/result
  916: N4/n_bfl_tot_calculator/result
  917: N5/s_sfl_tot_calculator/result
  918: N5/s_bfl_tot_calculator/result
  919: N6/r_sfl_tot_calculator/result
  920: N6/r_bfl_tot_calculator/result
  921: O3/c_sfl_tot_calculator/result
  922: O3/c_bfl_tot_calculator/result
  923: O2/o_sfl_tot_calculator/result
  924: O2/o_bfl_tot_calculator/result
  925: O3h/h_sfl_tot_calculator/result
  926: O3h/h_bfl_tot_calculator/result
  927: O4/n_sfl_tot_calculator/result
  928: O4/n_bfl_tot_calculator/result
  929: R1/c_sfl_tot_calculator/result
  930: R1/c_bfl_tot_calculator/result
  931: R1/n_sfl_tot_calculator/result
  932: R1/n_bfl_tot_calculator/result
  933: R1/p_sfl_tot_calculator/result
  934: R1/p_bfl_tot_calculator/result
  935: R2/c_sfl_tot_calculator/result
  936: R2/c_bfl_tot_calculator/result
  937: R3/c_sfl_tot_calculator/result
  938: R3/c_bfl_tot_calculator/result
  939: R6/c_sfl_tot_calculator/result
  940: R6/c_bfl_tot_calculator/result
  941: R6/n_sfl_tot_calculator/result
  942: R6/n_bfl_tot_calculator/result
  943: R6/p_sfl_tot_calculator/result
  944: R6/p_bfl_tot_calculator/result
  945: R6/s_sfl_tot_calculator/result
  946: R6/s_bfl_tot_calculator/result
  947: X1/c_sfl_tot_calculator/result
  948: X1/c_bfl_tot_calculator/result
  949: X2/c_sfl_tot_calculator/result
  950: X2/c_bfl_tot_calculator/result
  951: X3/c_sfl_tot_calculator/result
  952: X3/c_bfl_tot_calculator/result
  953: P1/c_sfl_tot_calculator/result
  954: P1/c_bfl_tot_calculator/result
  955: P1/n_sfl_tot_calculator/result
  956: P1/n_bfl_tot_calculator/result
  957: P1/p_sfl_tot_calculator/result
  958: P1/p_bfl_tot_calculator/result
  959: P1/Chl_sfl_tot_calculator/result
  960: P1/Chl_bfl_tot_calculator/result
  961: P1/s_sfl_tot_calculator/result
  962: P1/s_bfl_tot_calculator/result
  963: P2/c_sfl_tot_calculator/result
  964: P2/c_bfl_tot_calculator/result
  965: P2/n_sfl_tot_calculator/result
  966: P2/n_bfl_tot_calculator/result
  967: P2/p_sfl_tot_calculator/result
  968: P2/p_bfl_tot_calculator/result
  969: P2/Chl_sfl_tot_calculator/result
  970: P2/Chl_bfl_tot_calculator/result
  971: P2/total_silicate_sfl_tot_calculator/result
  972: P2/total_silicate_bfl_tot_calculator/result
  973: P3/c_sfl_tot_calculator/result
  974: P3/c_bfl_tot_calculator/result
  975: P3/n_sfl_tot_calculator/result
  976: P3/n_bfl_tot_calculator/result
  977: P3/p_sfl_tot_calculator/result
  978: P3/p_bfl_tot_calculator/result
  979: P3/Chl_sfl_tot_calculator/result
  980: P3/Chl_bfl_tot_calculator/result
  981: P3/total_silicate_sfl_tot_calculator/result
  982: P3/total_silicate_bfl_tot_calculator/result
  983: P4/c_sfl_tot_calculator/result
  984: P4/c_bfl_tot_calculator/result
  985: P4/n_sfl_tot_calculator/result
  986: P4/n_bfl_tot_calculator/result
  987: P4/p_sfl_tot_calculator/result
  988: P4/p_bfl_tot_calculator/result
  989: P4/Chl_sfl_tot_calculator/result
  990: P4/Chl_bfl_tot_calculator/result
  991: P4/total_silicate_sfl_tot_calculator/result
  992: P4/total_silicate_bfl_tot_calculator/result
  993: B1/c_sfl_tot_calculator/result
  994: B1/c_bfl_tot_calculator/result
  995: B1/n_sfl_tot_calculator/result
  996: B1/n_bfl_tot_calculator/result
  997: B1/p_sfl_tot_calculator/result
  998: B1/p_bfl_tot_calculator/result
  999: B1/total_chlorophyll_sfl_tot_calculator/result
  1000: B1/total_chlorophyll_bfl_tot_calculator/result
  1001: B1/total_silicate_sfl_tot_calculator/result
  1002: B1/total_silicate_bfl_tot_calculator/result
  1003: Z5/c_sfl_tot_calculator/result
  1004: Z5/c_bfl_tot_calculator/result
  1005: Z5/n_sfl_tot_calculator/result
  1006: Z5/n_bfl_tot_calculator/result
  1007: Z5/p_sfl_tot_calculator/result
  1008: Z5/p_bfl_tot_calculator/result
  1009: Z5/total_chlorophyll_sfl_tot_calculator/result
  1010: Z5/total_chlorophyll_bfl_tot_calculator/result
  1011: Z5/total_silicate_sfl_tot_calculator/result
  1012: Z5/total_silicate_bfl_tot_calculator/result
  1013: Z6/c_sfl_tot_calculator/result
  1014: Z6/c_bfl_tot_calculator/result
  1015: Z6/n_sfl_tot_calculator/result
  1016: Z6/n_bfl_tot_calculator/result
  1017: Z6/p_sfl_tot_calculator/result
  1018: Z6/p_bfl_tot_calculator/result
  1019: Z6/total_chlorophyll_sfl_tot_calculator/result
  1020: Z6/total_chlorophyll_bfl_tot_calculator/result
  1021: Z6/total_silicate_sfl_tot_calculator/result
  1022: Z6/total_silicate_bfl_tot_calculator/result
  1023: Z3/c_sfl_tot_calculator/result
  1024: Z3/c_bfl_tot_calculator/result
  1025: Z3/n_sfl_tot_calculator/result
  1026: Z3/n_bfl_tot_calculator/result
  1027: Z3/p_sfl_tot_calculator/result
  1028: Z3/p_bfl_tot_calculator/result
  1029: Z4/c_sfl_tot_calculator/result
  1030: Z4/c_bfl_tot_calculator/result
  1031: Z4/n_sfl_tot_calculator/result
  1032: Z4/n_bfl_tot_calculator/result
  1033: Z4/p_sfl_tot_calculator/result
  1034: Z4/p_bfl_tot_calculator/result
  1035: Z4/total_silicate_sfl_tot_calculator/result
  1036: Z4/total_silicate_bfl_tot_calculator/result
  1037: Z4/total_chlorophyll_sfl_tot_calculator/result
  1038: Z4/total_chlorophyll_bfl_tot_calculator/result
  1039: O5/c_sfl_tot_calculator/result
  1040: O5/c_bfl_tot_calculator/result
  1041: longitude
  1042: latitude
  1043: surface_downwelling_shortwave_flux
  1044: surf_direct_downward_irradiance_0250_nm
  1045: surf_direct_downward_irradiance_0325_nm
  1046: surf_direct_downward_irradiance_0350_nm
  1047: surf_direct_downward_irradiance_0375_nm
  1048: surf_direct_downward_irradiance_0400_nm
  1049: surf_direct_downward_irradiance_0425_nm
  1050: surf_direct_downward_irradiance_0450_nm
  1051: surf_direct_downward_irradiance_0475_nm
  1052: surf_direct_downward_irradiance_0500_nm
  1053: surf_direct_downward_irradiance_0525_nm
  1054: surf_direct_downward_irradiance_0550_nm
  1055: surf_direct_downward_irradiance_0575_nm
  1056: surf_direct_downward_irradiance_0600_nm
  1057: surf_direct_downward_irradiance_0625_nm
  1058: surf_direct_downward_irradiance_0650_nm
  1059: surf_direct_downward_irradiance_0675_nm
  1060: surf_direct_downward_irradiance_0700_nm
  1061: surf_direct_downward_irradiance_0725_nm
  1062: surf_direct_downward_irradiance_0775_nm
  1063: surf_direct_downward_irradiance_0850_nm
  1064: surf_direct_downward_irradiance_0950_nm
  1065: surf_direct_downward_irradiance_1050_nm
  1066: surf_direct_downward_irradiance_1150_nm
  1067: surf_direct_downward_irradiance_1250_nm
  1068: surf_direct_downward_irradiance_1350_nm
  1069: surf_direct_downward_irradiance_1450_nm
  1070: surf_direct_downward_irradiance_1550_nm
  1071: surf_direct_downward_irradiance_1650_nm
  1072: surf_direct_downward_irradiance_1750_nm
  1073: surf_direct_downward_irradiance_1900_nm
  1074: surf_direct_downward_irradiance_2200_nm
  1075: surf_direct_downward_irradiance_2900_nm
  1076: surf_direct_downward_irradiance_3700_nm
  1077: surf_diffuse_downward_irradiance_0250_nm
  1078: surf_diffuse_downward_irradiance_0325_nm
  1079: surf_diffuse_downward_irradiance_0350_nm
  1080: surf_diffuse_downward_irradiance_0375_nm
  1081: surf_diffuse_downward_irradiance_0400_nm
  1082: surf_diffuse_downward_irradiance_0425_nm
  1083: surf_diffuse_downward_irradiance_0450_nm
  1084: surf_diffuse_downward_irradiance_0475_nm
  1085: surf_diffuse_downward_irradiance_0500_nm
  1086: surf_diffuse_downward_irradiance_0525_nm
  1087: surf_diffuse_downward_irradiance_0550_nm
  1088: surf_diffuse_downward_irradiance_0575_nm
  1089: surf_diffuse_downward_irradiance_0600_nm
  1090: surf_diffuse_downward_irradiance_0625_nm
  1091: surf_diffuse_downward_irradiance_0650_nm
  1092: surf_diffuse_downward_irradiance_0675_nm
  1093: surf_diffuse_downward_irradiance_0700_nm
  1094: surf_diffuse_downward_irradiance_0725_nm
  1095: surf_diffuse_downward_irradiance_0775_nm
  1096: surf_diffuse_downward_irradiance_0850_nm
  1097: surf_diffuse_downward_irradiance_0950_nm
  1098: surf_diffuse_downward_irradiance_1050_nm
  1099: surf_diffuse_downward_irradiance_1150_nm
  1100: surf_diffuse_downward_irradiance_1250_nm
  1101: surf_diffuse_downward_irradiance_1350_nm
  1102: surf_diffuse_downward_irradiance_1450_nm
  1103: surf_diffuse_downward_irradiance_1550_nm
  1104: surf_diffuse_downward_irradiance_1650_nm
  1105: surf_diffuse_downward_irradiance_1750_nm
  1106: surf_diffuse_downward_irradiance_1900_nm
  1107: surf_diffuse_downward_irradiance_2200_nm
  1108: surf_diffuse_downward_irradiance_2900_nm
  1109: surf_diffuse_downward_irradiance_3700_nm
  1110: surface_air_pressure
  1111: wind_speed
  1112: mole_fraction_of_carbon_dioxide_in_air
Scalar catalog:
  1: number_of_days_since_start_of_the_year
Interior store:
  1: attenuation_coefficient_of_photosynthetic_radiative_flux_calculator/result
  2: O3/ALK
  3: O3/DIC
  4: O3/pH
  5: O3/pCO2
  6: O3/CarbA
  7: O3/BiCarb
  8: O3/Carb
  9: O3/OArag
  10: O3/EPR
  11: N1/p_sms_tot_calculator/result
  12: N5/s_sms_tot_calculator/result
  13: O3/c_sms_tot_calculator/result
  14: O3h/h_sms_tot_calculator/result
  15: O3/OCalc
  16: total_carbon_calculator/result
  17: total_phosphorus_calculator/result
  18: total_nitrogen_calculator/result
  19: total_silicate_calculator/result
  20: lightspectral/Scdom350_500
  21: lightspectral/Scdom250_325
  22: lightspectral/acdom250
  23: lightspectral/acdom325
  24: lightspectral/acdom400
  25: lightspectral/acdom425
  26: lightspectral/acdom450
  27: lightspectral/anap450
  28: lightspectral/aph450
  29: lightspectral/bbp450
  30: lightspectral/bbp550
  31: lightspectral/bbp700
  32: lightspectral/PAR_tot
  33: lightspectral/PAR_dia
  34: lightspectral/PAR_flag
  35: lightspectral/PAR_pico
  36: lightspectral/PAR_dino
  37: light/EIR
  38: light/xEPS
  39: light/parEIR
  40: Z6/rr1c
  41: Z5/rr1c
  42: P4/iN
  43: P4/tN
  44: P4/EIR
  45: P4/r
  46: P4/sum
  47: P4/sdo
  48: P4/sea
  49: P4/seo
  50: P4/rr1c
  51: P4/rrc
  52: P4/rugc
  53: P4/flPIR2c_tot
  54: P4/flPIR2c_act
  55: P4/flPIR2c
  56: P4/f2cdom
  57: P4/run
  58: P4/netgrowth
  59: P4/rho_Chl
  60: P4/rate_Chl
  61: P3/iN
  62: P3/tN
  63: P3/EIR
  64: P3/r
  65: P3/sum
  66: P3/sdo
  67: P3/sea
  68: P3/seo
  69: P3/rr1c
  70: P3/rrc
  71: P3/rugc
  72: P3/flPIR2c_tot
  73: P3/flPIR2c_act
  74: P3/flPIR2c
  75: P3/f2cdom
  76: P3/run
  77: P3/netgrowth
  78: P3/rho_Chl
  79: P3/rate_Chl
  80: P2/iN
  81: P2/tN
  82: P2/EIR
  83: P2/r
  84: P2/sum
  85: P2/sdo
  86: P2/sea
  87: P2/seo
  88: P2/rr1c
  89: P2/rrc
  90: P2/rugc
  91: P2/flPIR2c_tot
  92: P2/flPIR2c_act
  93: P2/flPIR2c
  94: P2/f2cdom
  95: P2/run
  96: P2/netgrowth
  97: P2/rho_Chl
  98: P2/rate_Chl
  99: P1/iN
  100: P1/tN
  101: P1/EIR
  102: P1/r
  103: P1/sum
  104: P1/sdo
  105: P1/sea
  106: P1/seo
  107: P1/rr1c
  108: P1/rrc
  109: P1/rugc
  110: P1/flPIR2c_tot
  111: P1/flPIR2c_act
  112: P1/flPIR2c
  113: P1/f2cdom
  114: P1/run
  115: P1/netgrowth
  116: P1/rho_Chl
  117: P1/rate_Chl
  118: O5/fCaCO2_2_O3c
  119: O5/fCaCO2_2_O3h
  120: B1/rd
  121: B1/rum
  122: B1/ruR1c
  123: B1/ruR2c
  124: B1/ruR3c
  125: B1/ruR6c
  126: B1/ruX1c
  127: B1/ruX2c
  128: B1/ruX3c
  129: B1/rut
  130: B1/rug
  131: B1/ruR1n
  132: B1/ruR6n
  133: B1/ruR1p
  134: B1/reR3c
  135: PelChem/degX1c
  136: PelChem/degX2c
  137: PelChem/degX3c
  138: PelChem/remX3c
  139: PelChem/remR3c
  140: total_chlorophyll_calculator/result
Horizontal store:
  1: zenith_angle/zenithA
  2: lightspectral/Rrs400
  3: lightspectral/Rrs425
  4: lightspectral/Rrs450
  5: lightspectral/Rrs475
  6: lightspectral/Rrs500
  7: lightspectral/Rrs525
  8: lightspectral/Rrs550
  9: lightspectral/Rrs575
  10: lightspectral/Rrs675
  11: lightspectral/kd375
  12: lightspectral/kd400
  13: lightspectral/kd425
  14: lightspectral/kd475
  15: lightspectral/kd500
  16: O3/fair
  17: O3/wind
  18: surface_drag_coefficient_in_air_calculator/result
  19: surface_albedo_calculator/result
Interior read cache:
  1: N1/p
  2: N3/n
  3: N4/n
  4: N5/s
  5: N6/r
  6: O3/c
  7: O2/o
  8: O3h/h
  9: O4/n
  10: R1/c
  11: R1/n
  12: R1/p
  13: R2/c
  14: R3/c
  15: R6/c
  16: R6/n
  17: R6/p
  18: R6/s
  19: X1/c
  20: X2/c
  21: X3/c
  22: P1/c
  23: P1/n
  24: P1/p
  25: P1/Chl
  26: P1/s
  27: P2/c
  28: P2/n
  29: P2/p
  30: P2/Chl
  31: P3/c
  32: P3/n
  33: P3/p
  34: P3/Chl
  35: P4/c
  36: P4/n
  37: P4/p
  38: P4/Chl
  39: B1/c
  40: B1/n
  41: B1/p
  42: Z5/c
  43: Z5/n
  44: Z5/p
  45: Z6/c
  46: Z6/n
  47: Z6/p
  48: Z3/c
  49: Z3/n
  50: Z3/p
  51: Z4/c
  52: Z4/n
  53: Z4/p
  54: O5/c
  55: attenuation_coefficient_of_photosynthetic_radiative_flux_calculator/result
  56: cell_thickness
  57: pressure
  58: depth
  59: density
  60: practical_salinity
  61: temperature
  62: lightspectral/PAR_dia
  63: lightspectral/PAR_flag
  64: lightspectral/PAR_pico
  65: lightspectral/PAR_dino
  66: Z6/total_chlorophyll
  67: lightspectral/PAR_tot
  68: light/parEIR
  69: O3/OCalc
Horizontal read cache:
  1: latitude
  2: longitude
  3: surface_downwelling_shortwave_flux
  4: surf_diffuse_downward_irradiance_3700_nm
  5: surf_diffuse_downward_irradiance_2900_nm
  6: surf_diffuse_downward_irradiance_2200_nm
  7: surf_diffuse_downward_irradiance_1900_nm
  8: surf_diffuse_downward_irradiance_1750_nm
  9: surf_diffuse_downward_irradiance_1650_nm
  10: surf_diffuse_downward_irradiance_1550_nm
  11: surf_diffuse_downward_irradiance_1450_nm
  12: surf_diffuse_downward_irradiance_1350_nm
  13: surf_diffuse_downward_irradiance_1250_nm
  14: surf_diffuse_downward_irradiance_1150_nm
  15: surf_diffuse_downward_irradiance_1050_nm
  16: surf_diffuse_downward_irradiance_0950_nm
  17: surf_diffuse_downward_irradiance_0850_nm
  18: surf_diffuse_downward_irradiance_0775_nm
  19: surf_diffuse_downward_irradiance_0725_nm
  20: surf_diffuse_downward_irradiance_0700_nm
  21: surf_diffuse_downward_irradiance_0675_nm
  22: surf_diffuse_downward_irradiance_0650_nm
  23: surf_diffuse_downward_irradiance_0625_nm
  24: surf_diffuse_downward_irradiance_0600_nm
  25: surf_diffuse_downward_irradiance_0575_nm
  26: surf_diffuse_downward_irradiance_0550_nm
  27: surf_diffuse_downward_irradiance_0525_nm
  28: surf_diffuse_downward_irradiance_0500_nm
  29: surf_diffuse_downward_irradiance_0475_nm
  30: surf_diffuse_downward_irradiance_0450_nm
  31: surf_diffuse_downward_irradiance_0425_nm
  32: surf_diffuse_downward_irradiance_0400_nm
  33: surf_diffuse_downward_irradiance_0375_nm
  34: surf_diffuse_downward_irradiance_0350_nm
  35: surf_diffuse_downward_irradiance_0325_nm
  36: surf_diffuse_downward_irradiance_0250_nm
  37: surf_direct_downward_irradiance_3700_nm
  38: surf_direct_downward_irradiance_2900_nm
  39: surf_direct_downward_irradiance_2200_nm
  40: surf_direct_downward_irradiance_1900_nm
  41: surf_direct_downward_irradiance_1750_nm
  42: surf_direct_downward_irradiance_1650_nm
  43: surf_direct_downward_irradiance_1550_nm
  44: surf_direct_downward_irradiance_1450_nm
  45: surf_direct_downward_irradiance_1350_nm
  46: surf_direct_downward_irradiance_1250_nm
  47: surf_direct_downward_irradiance_1150_nm
  48: surf_direct_downward_irradiance_1050_nm
  49: surf_direct_downward_irradiance_0950_nm
  50: surf_direct_downward_irradiance_0850_nm
  51: surf_direct_downward_irradiance_0775_nm
  52: surf_direct_downward_irradiance_0725_nm
  53: surf_direct_downward_irradiance_0700_nm
  54: surf_direct_downward_irradiance_0675_nm
  55: surf_direct_downward_irradiance_0650_nm
  56: surf_direct_downward_irradiance_0625_nm
  57: surf_direct_downward_irradiance_0600_nm
  58: surf_direct_downward_irradiance_0575_nm
  59: surf_direct_downward_irradiance_0550_nm
  60: surf_direct_downward_irradiance_0525_nm
  61: surf_direct_downward_irradiance_0500_nm
  62: surf_direct_downward_irradiance_0475_nm
  63: surf_direct_downward_irradiance_0450_nm
  64: surf_direct_downward_irradiance_0425_nm
  65: surf_direct_downward_irradiance_0400_nm
  66: surf_direct_downward_irradiance_0375_nm
  67: surf_direct_downward_irradiance_0350_nm
  68: surf_direct_downward_irradiance_0325_nm
  69: surf_direct_downward_irradiance_0250_nm
  70: zenith_angle/zenithA
  71: mole_fraction_of_carbon_dioxide_in_air
  72: wind_speed
  73: surface_air_pressure
Scalar read cache:
  1: number_of_days_since_start_of_the_year
Interior write cache:
  1: attenuation_coefficient_of_photosynthetic_radiative_flux_calculator/result
  2: O3/ALK
  3: O3/DIC
  4: O3/pH
  5: O3/pCO2
  6: O3/CarbA
  7: O3/BiCarb
  8: O3/Carb
  9: O3/OArag
  10: O3/EPR
  11: N1/p_sms_tot_calculator/result
  12: N5/s_sms_tot_calculator/result
  13: O3/c_sms_tot_calculator/result
  14: O3h/h_sms_tot_calculator/result
  15: O3/OCalc
  16: total_carbon_calculator/result
  17: total_phosphorus_calculator/result
  18: total_nitrogen_calculator/result
  19: total_silicate_calculator/result
  20: lightspectral/Scdom350_500
  21: lightspectral/Scdom250_325
  22: lightspectral/acdom250
  23: lightspectral/acdom325
  24: lightspectral/acdom400
  25: lightspectral/acdom425
  26: lightspectral/acdom450
  27: lightspectral/anap450
  28: lightspectral/aph450
  29: lightspectral/bbp450
  30: lightspectral/bbp550
  31: lightspectral/bbp700
  32: lightspectral/PAR_tot
  33: lightspectral/PAR_dia
  34: lightspectral/PAR_flag
  35: lightspectral/PAR_pico
  36: lightspectral/PAR_dino
  37: light/EIR
  38: light/xEPS
  39: light/parEIR
  40: N4/n_sms_tot_calculator/result
  41: O2/o_sms_tot_calculator/result
  42: R6/c_sms_tot_calculator/result
  43: R6/n_sms_tot_calculator/result
  44: R6/p_sms_tot_calculator/result
  45: R6/s_sms_tot_calculator/result
  46: P1/c_sms_tot_calculator/result
  47: P1/n_sms_tot_calculator/result
  48: P1/p_sms_tot_calculator/result
  49: P1/Chl_sms_tot_calculator/result
  50: P1/s_sms_tot_calculator/result
  51: P2/c_sms_tot_calculator/result
  52: P2/n_sms_tot_calculator/result
  53: P2/p_sms_tot_calculator/result
  54: P2/Chl_sms_tot_calculator/result
  55: P4/c_sms_tot_calculator/result
  56: P4/n_sms_tot_calculator/result
  57: P4/p_sms_tot_calculator/result
  58: P4/Chl_sms_tot_calculator/result
  59: Z5/c_sms_tot_calculator/result
  60: Z5/n_sms_tot_calculator/result
  61: Z5/p_sms_tot_calculator/result
  62: Z4/c_sms_tot_calculator/result
  63: Z4/n_sms_tot_calculator/result
  64: Z4/p_sms_tot_calculator/result
  65: O5/c_sms_tot_calculator/result
  66: Z3/c_sms_tot_calculator/result
  67: Z3/n_sms_tot_calculator/result
  68: Z3/p_sms_tot_calculator/result
  69: Z6/rr1c
  70: R1/c_sms_tot_calculator/result
  71: R1/n_sms_tot_calculator/result
  72: R1/p_sms_tot_calculator/result
  73: X1/c_sms_tot_calculator/result
  74: P3/c_sms_tot_calculator/result
  75: P3/n_sms_tot_calculator/result
  76: P3/p_sms_tot_calculator/result
  77: P3/Chl_sms_tot_calculator/result
  78: B1/c_sms_tot_calculator/result
  79: B1/n_sms_tot_calculator/result
  80: B1/p_sms_tot_calculator/result
  81: Z6/c_sms_tot_calculator/result
  82: Z6/n_sms_tot_calculator/result
  83: Z6/p_sms_tot_calculator/result
  84: Z5/rr1c
  85: P4/iN
  86: P4/tN
  87: P4/EIR
  88: P4/r
  89: P4/sum
  90: P4/sdo
  91: P4/sea
  92: P4/seo
  93: P4/rr1c
  94: P4/rrc
  95: P4/rugc
  96: P4/flPIR2c_tot
  97: P4/flPIR2c_act
  98: P4/flPIR2c
  99: P4/f2cdom
  100: P4/run
  101: P4/netgrowth
  102: P4/rho_Chl
  103: P4/rate_Chl
  104: N3/n_sms_tot_calculator/result
  105: R2/c_sms_tot_calculator/result
  106: X2/c_sms_tot_calculator/result
  107: P3/iN
  108: P3/tN
  109: P3/EIR
  110: P3/r
  111: P3/sum
  112: P3/sdo
  113: P3/sea
  114: P3/seo
  115: P3/rr1c
  116: P3/rrc
  117: P3/rugc
  118: P3/flPIR2c_tot
  119: P3/flPIR2c_act
  120: P3/flPIR2c
  121: P3/f2cdom
  122: P3/run
  123: P3/netgrowth
  124: P3/rho_Chl
  125: P3/rate_Chl
  126: P2/iN
  127: P2/tN
  128: P2/EIR
  129: P2/r
  130: P2/sum
  131: P2/sdo
  132: P2/sea
  133: P2/seo
  134: P2/rr1c
  135: P2/rrc
  136: P2/rugc
  137: P2/flPIR2c_tot
  138: P2/flPIR2c_act
  139: P2/flPIR2c
  140: P2/f2cdom
  141: P2/run
  142: P2/netgrowth
  143: P2/rho_Chl
  144: P2/rate_Chl
  145: P1/iN
  146: P1/tN
  147: P1/EIR
  148: P1/r
  149: P1/sum
  150: P1/sdo
  151: P1/sea
  152: P1/seo
  153: P1/rr1c
  154: P1/rrc
  155: P1/rugc
  156: P1/flPIR2c_tot
  157: P1/flPIR2c_act
  158: P1/flPIR2c
  159: P1/f2cdom
  160: P1/run
  161: P1/netgrowth
  162: P1/rho_Chl
  163: P1/rate_Chl
  164: O5/fCaCO2_2_O3c
  165: O5/fCaCO2_2_O3h
  166: B1/rd
  167: B1/rum
  168: B1/ruR1c
  169: B1/ruR2c
  170: B1/ruR3c
  171: B1/ruR6c
  172: B1/ruX1c
  173: B1/ruX2c
  174: B1/ruX3c
  175: B1/rut
  176: B1/rug
  177: B1/ruR1n
  178: B1/ruR6n
  179: B1/ruR1p
  180: B1/reR3c
  181: N6/r_sms_tot_calculator/result
  182: R3/c_sms_tot_calculator/result
  183: X3/c_sms_tot_calculator/result
  184: PelChem/degX1c
  185: PelChem/degX2c
  186: PelChem/degX3c
  187: PelChem/remX3c
  188: PelChem/remR3c
  189: O4/n_sms_tot_calculator/result
  190: total_chlorophyll_calculator/result
  191: N1/p_w_tot_calculator/result
  192: N4/n_w_tot_calculator/result
  193: O3/c_w_tot_calculator/result
  194: O2/o_w_tot_calculator/result
  195: O3h/h_w_tot_calculator/result
  196: R6/c_w_tot_calculator/result
  197: R6/n_w_tot_calculator/result
  198: R6/p_w_tot_calculator/result
  199: R6/s_w_tot_calculator/result
  200: P1/c_w_tot_calculator/result
  201: P1/n_w_tot_calculator/result
  202: P1/p_w_tot_calculator/result
  203: P1/Chl_w_tot_calculator/result
  204: P1/s_w_tot_calculator/result
  205: P2/c_w_tot_calculator/result
  206: P2/n_w_tot_calculator/result
  207: P2/p_w_tot_calculator/result
  208: P2/Chl_w_tot_calculator/result
  209: P4/c_w_tot_calculator/result
  210: P4/n_w_tot_calculator/result
  211: P4/p_w_tot_calculator/result
  212: P4/Chl_w_tot_calculator/result
  213: Z5/c_w_tot_calculator/result
  214: Z5/n_w_tot_calculator/result
  215: Z5/p_w_tot_calculator/result
  216: Z4/c_w_tot_calculator/result
  217: Z4/n_w_tot_calculator/result
  218: Z4/p_w_tot_calculator/result
  219: O5/c_w_tot_calculator/result
  220: Z3/c_w_tot_calculator/result
  221: Z3/n_w_tot_calculator/result
  222: Z3/p_w_tot_calculator/result
  223: R1/c_w_tot_calculator/result
  224: R1/n_w_tot_calculator/result
  225: R1/p_w_tot_calculator/result
  226: X1/c_w_tot_calculator/result
  227: P3/c_w_tot_calculator/result
  228: P3/n_w_tot_calculator/result
  229: P3/p_w_tot_calculator/result
  230: P3/Chl_w_tot_calculator/result
  231: B1/c_w_tot_calculator/result
  232: B1/n_w_tot_calculator/result
  233: B1/p_w_tot_calculator/result
  234: Z6/c_w_tot_calculator/result
  235: Z6/n_w_tot_calculator/result
  236: Z6/p_w_tot_calculator/result
  237: N3/n_w_tot_calculator/result
  238: R2/c_w_tot_calculator/result
  239: X2/c_w_tot_calculator/result
  240: N5/s_w_tot_calculator/result
  241: N6/r_w_tot_calculator/result
  242: R3/c_w_tot_calculator/result
  243: X3/c_w_tot_calculator/result
  244: O4/n_w_tot_calculator/result
Horizontal write cache:
  1: zero_hz
  2: zenith_angle/zenithA
  3: lightspectral/Rrs400
  4: lightspectral/Rrs425
  5: lightspectral/Rrs450
  6: lightspectral/Rrs475
  7: lightspectral/Rrs500
  8: lightspectral/Rrs525
  9: lightspectral/Rrs550
  10: lightspectral/Rrs575
  11: lightspectral/Rrs675
  12: lightspectral/kd375
  13: lightspectral/kd400
  14: lightspectral/kd425
  15: lightspectral/kd475
  16: lightspectral/kd500
  17: N1/p_bfl_tot_calculator/result
  18: N4/n_bfl_tot_calculator/result
  19: O3/c_bfl_tot_calculator/result
  20: O2/o_bfl_tot_calculator/result
  21: O3h/h_bfl_tot_calculator/result
  22: R6/c_bfl_tot_calculator/result
  23: R6/n_bfl_tot_calculator/result
  24: R6/p_bfl_tot_calculator/result
  25: R6/s_bfl_tot_calculator/result
  26: P1/c_bfl_tot_calculator/result
  27: P1/n_bfl_tot_calculator/result
  28: P1/p_bfl_tot_calculator/result
  29: P1/Chl_bfl_tot_calculator/result
  30: P1/s_bfl_tot_calculator/result
  31: P2/c_bfl_tot_calculator/result
  32: P2/n_bfl_tot_calculator/result
  33: P2/p_bfl_tot_calculator/result
  34: P2/Chl_bfl_tot_calculator/result
  35: P4/c_bfl_tot_calculator/result
  36: P4/n_bfl_tot_calculator/result
  37: P4/p_bfl_tot_calculator/result
  38: P4/Chl_bfl_tot_calculator/result
  39: Z5/c_bfl_tot_calculator/result
  40: Z5/n_bfl_tot_calculator/result
  41: Z5/p_bfl_tot_calculator/result
  42: Z4/c_bfl_tot_calculator/result
  43: Z4/n_bfl_tot_calculator/result
  44: Z4/p_bfl_tot_calculator/result
  45: O5/c_bfl_tot_calculator/result
  46: Z3/c_bfl_tot_calculator/result
  47: Z3/n_bfl_tot_calculator/result
  48: Z3/p_bfl_tot_calculator/result
  49: R1/c_bfl_tot_calculator/result
  50: R1/n_bfl_tot_calculator/result
  51: R1/p_bfl_tot_calculator/result
  52: X1/c_bfl_tot_calculator/result
  53: P3/c_bfl_tot_calculator/result
  54: P3/n_bfl_tot_calculator/result
  55: P3/p_bfl_tot_calculator/result
  56: P3/Chl_bfl_tot_calculator/result
  57: B1/c_bfl_tot_calculator/result
  58: B1/n_bfl_tot_calculator/result
  59: B1/p_bfl_tot_calculator/result
  60: Z6/c_bfl_tot_calculator/result
  61: Z6/n_bfl_tot_calculator/result
  62: Z6/p_bfl_tot_calculator/result
  63: N3/n_bfl_tot_calculator/result
  64: R2/c_bfl_tot_calculator/result
  65: X2/c_bfl_tot_calculator/result
  66: N5/s_bfl_tot_calculator/result
  67: N6/r_bfl_tot_calculator/result
  68: R3/c_bfl_tot_calculator/result
  69: X3/c_bfl_tot_calculator/result
  70: O4/n_bfl_tot_calculator/result
  71: N1/p_sfl_tot_calculator/result
  72: N4/n_sfl_tot_calculator/result
  73: O3/c_sfl_tot_calculator/result
  74: O2/o_sfl_tot_calculator/result
  75: O3h/h_sfl_tot_calculator/result
  76: R6/c_sfl_tot_calculator/result
  77: R6/n_sfl_tot_calculator/result
  78: R6/p_sfl_tot_calculator/result
  79: R6/s_sfl_tot_calculator/result
  80: P1/c_sfl_tot_calculator/result
  81: P1/n_sfl_tot_calculator/result
  82: P1/p_sfl_tot_calculator/result
  83: P1/Chl_sfl_tot_calculator/result
  84: P1/s_sfl_tot_calculator/result
  85: P2/c_sfl_tot_calculator/result
  86: P2/n_sfl_tot_calculator/result
  87: P2/p_sfl_tot_calculator/result
  88: P2/Chl_sfl_tot_calculator/result
  89: P4/c_sfl_tot_calculator/result
  90: P4/n_sfl_tot_calculator/result
  91: P4/p_sfl_tot_calculator/result
  92: P4/Chl_sfl_tot_calculator/result
  93: Z5/c_sfl_tot_calculator/result
  94: Z5/n_sfl_tot_calculator/result
  95: Z5/p_sfl_tot_calculator/result
  96: Z4/c_sfl_tot_calculator/result
  97: Z4/n_sfl_tot_calculator/result
  98: Z4/p_sfl_tot_calculator/result
  99: O5/c_sfl_tot_calculator/result
  100: Z3/c_sfl_tot_calculator/result
  101: Z3/n_sfl_tot_calculator/result
  102: Z3/p_sfl_tot_calculator/result
  103: R1/c_sfl_tot_calculator/result
  104: R1/n_sfl_tot_calculator/result
  105: R1/p_sfl_tot_calculator/result
  106: X1/c_sfl_tot_calculator/result
  107: P3/c_sfl_tot_calculator/result
  108: P3/n_sfl_tot_calculator/result
  109: P3/p_sfl_tot_calculator/result
  110: P3/Chl_sfl_tot_calculator/result
  111: B1/c_sfl_tot_calculator/result
  112: B1/n_sfl_tot_calculator/result
  113: B1/p_sfl_tot_calculator/result
  114: Z6/c_sfl_tot_calculator/result
  115: Z6/n_sfl_tot_calculator/result
  116: Z6/p_sfl_tot_calculator/result
  117: N3/n_sfl_tot_calculator/result
  118: R2/c_sfl_tot_calculator/result
  119: X2/c_sfl_tot_calculator/result
  120: N5/s_sfl_tot_calculator/result
  121: N6/r_sfl_tot_calculator/result
  122: R3/c_sfl_tot_calculator/result
  123: X3/c_sfl_tot_calculator/result
  124: O4/n_sfl_tot_calculator/result
  125: O3/fair
  126: O3/wind
  127: surface_drag_coefficient_in_air_calculator/result
  128: surface_albedo_calculator/result
