Writes for the following variables are discarded:
- O2/eO2mO2
- O2/osat
- O2/AOU
- O2/o2flux
- P1/iN1p
- P1/iNIn
- P1/iN5s
- P1/ETW
- P1/et
- P1/eiPPY
- P1/sadap
- P1/cqun3
- P1/rumn3
- P1/rumn4
- P1/rumn
- P1/rump
- P1/sunPPY
- P1/misn
- P1/rupn
- P1/runn
- P1/runn3
- P1/runn4
- P1/fR1n
- P1/misp
- P1/rupp
- P1/runp
- P1/fR1p
- P1/rr6n
- P1/rr1n
- P1/rr6p
- P1/rr1p
- P1/rums
- P1/miss
- P1/rups
- P1/runs
- P1/varO3h_for_Nutil
- P1/varO3h_for_Putil
- P2/iN1p
- P2/iNIn
- P2/ETW
- P2/et
- P2/eiPPY
- P2/sadap
- P2/cqun3
- P2/rumn3
- P2/rumn4
- P2/rumn
- P2/rump
- P2/sunPPY
- P2/misn
- P2/rupn
- P2/runn
- P2/runn3
- P2/runn4
- P2/fR1n
- P2/misp
- P2/rupp
- P2/runp
- P2/fR1p
- P2/rr6n
- P2/rr1n
- P2/rr6p
- P2/rr1p
- P2/consO3h_caco3
- P2/varO3h_for_Nutil
- P2/varO3h_for_Putil
- P3/iN1p
- P3/iNIn
- P3/ETW
- P3/et
- P3/eiPPY
- P3/sadap
- P3/cqun3
- P3/rumn3
- P3/rumn4
- P3/rumn
- P3/rump
- P3/sunPPY
- P3/misn
- P3/rupn
- P3/runn
- P3/runn3
- P3/runn4
- P3/fR1n
- P3/misp
- P3/rupp
- P3/runp
- P3/fR1p
- P3/rr6n
- P3/rr1n
- P3/rr6p
- P3/rr1p
- P3/varO3h_for_Nutil
- P3/varO3h_for_Putil
- P4/iN1p
- P4/iNIn
- P4/ETW
- P4/et
- P4/eiPPY
- P4/sadap
- P4/cqun3
- P4/rumn3
- P4/rumn4
- P4/rumn
- P4/rump
- P4/sunPPY
- P4/misn
- P4/rupn
- P4/runn
- P4/runn3
- P4/runn4
- P4/fR1n
- P4/misp
- P4/rupp
- P4/runp
- P4/fR1p
- P4/rr6n
- P4/rr1n
- P4/rr6p
- P4/rr1p
- P4/varO3h_for_Nutil
- P4/varO3h_for_Putil
- B1/et
- B1/eO2
- B1/eN4n
- B1/eN1p
- B1/cuR1
- B1/cuR6
- B1/iNIn
- B1/iN1p
- B1/iN
- B1/ruR6p
- B1/rrc
- B1/flN6rPBA
- B1/run
- B1/renh4
- B1/rumn3
- B1/rumn4
- B1/rumn
- B1/ren
- B1/rep
- B1/repo4
- B1/varO3h_for_Putil
- B1/varO3h_for_Nutil
- B1/varO3h_reminNH4
- Z5/prey1s_sms
- Z5/prey1s_sfl
- Z5/prey1s_bfl
- Z5/prey1s_w
- Z5/prey1Chl_sms
- Z5/prey1Chl_sfl
- Z5/prey1Chl_bfl
- Z5/prey1Chl_w
- Z5/prey3s_sms
- Z5/prey3s_sfl
- Z5/prey3s_bfl
- Z5/prey3s_w
- Z5/prey4s_sms
- Z5/prey4s_sfl
- Z5/prey4s_bfl
- Z5/prey4s_w
- Z5/prey5s_sms
- Z5/prey5s_sfl
- Z5/prey5s_bfl
- Z5/prey5s_w
- Z5/prey6s_sms
- Z5/prey6s_sfl
- Z5/prey6s_bfl
- Z5/prey6s_w
- Z5/prey6Chl_sms
- Z5/prey6Chl_sfl
- Z5/prey6Chl_bfl
- Z5/prey6Chl_w
- Z5/prey7s_sms
- Z5/prey7s_sfl
- Z5/prey7s_bfl
- Z5/prey7s_w
- Z5/prey7Chl_sms
- Z5/prey7Chl_sfl
- Z5/prey7Chl_bfl
- Z5/prey7Chl_w
- Z5/ETW
- Z5/et
- Z5/eO2
- Z5/rumc
- Z5/rugc
- Z5/sut
- Z5/rugn
- Z5/rugp
- Z5/rrtc
- Z5/rrsc
- Z5/rrac
- Z5/rric
- Z5/reac
- Z5/rdc
- Z5/rr6c
- Z5/rrin
- Z5/rr1n
- Z5/rr6n
- Z5/rrip
- Z5/rr1p
- Z5/rr6p
- Z5/runc
- Z5/runn
- Z5/runp
- Z5/ren
- Z5/rep
- Z5/varO3h_Nutil
- Z5/varO3h_Putil
- Z5/_P2_CaCO3precip
- Z5/_P2_consumeO3h_for_CaCO3precip
- Z6/prey1s_sms
- Z6/prey1s_sfl
- Z6/prey1s_bfl
- Z6/prey1s_w
- Z6/prey1Chl_sms
- Z6/prey1Chl_sfl
- Z6/prey1Chl_bfl
- Z6/prey1Chl_w
- Z6/prey3s_sms
- Z6/prey3s_sfl
- Z6/prey3s_bfl
- Z6/prey3s_w
- Z6/prey4s_sms
- Z6/prey4s_sfl
- Z6/prey4s_bfl
- Z6/prey4s_w
- Z6/prey5s_sms
- Z6/prey5s_sfl
- Z6/prey5s_bfl
- Z6/prey5s_w
- Z6/prey6s_sms
- Z6/prey6s_sfl
- Z6/prey6s_bfl
- Z6/prey6s_w
- Z6/prey6Chl_sms
- Z6/prey6Chl_sfl
- Z6/prey6Chl_bfl
- Z6/prey6Chl_w
- Z6/prey7s_sms
- Z6/prey7s_sfl
- Z6/prey7s_bfl
- Z6/prey7s_w
- Z6/prey7Chl_sms
- Z6/prey7Chl_sfl
- Z6/prey7Chl_bfl
- Z6/prey7Chl_w
- Z6/ETW
- Z6/et
- Z6/eO2
- Z6/rumc
- Z6/rugc
- Z6/sut
- Z6/rugn
- Z6/rugp
- Z6/rrtc
- Z6/rrsc
- Z6/rrac
- Z6/rric
- Z6/reac
- Z6/rdc
- Z6/rr6c
- Z6/rrin
- Z6/rr1n
- Z6/rr6n
- Z6/rrip
- Z6/rr1p
- Z6/rr6p
- Z6/runc
- Z6/runn
- Z6/runp
- Z6/ren
- Z6/rep
- Z6/varO3h_Nutil
- Z6/varO3h_Putil
- Z6/_P2_CaCO3precip
- Z6/_P2_consumeO3h_for_CaCO3precip
- Z3/prey1Chld
- Z3/prey1rate
- Z3/prey1s_sms
- Z3/prey1s_sfl
- Z3/prey1s_bfl
- Z3/prey1s_w
- Z3/prey2Chl_sms
- Z3/prey2Chl_sfl
- Z3/prey2Chl_bfl
- Z3/prey2Chl_w
- Z3/prey2Chld
- Z3/prey2rate
- Z3/prey2s_sms
- Z3/prey2s_sfl
- Z3/prey2s_bfl
- Z3/prey2s_w
- Z3/prey3Chl_sms
- Z3/prey3Chl_sfl
- Z3/prey3Chl_bfl
- Z3/prey3Chl_w
- Z3/prey3Chld
- Z3/prey3rate
- Z3/prey3s_sms
- Z3/prey3s_sfl
- Z3/prey3s_bfl
- Z3/prey3s_w
- Z3/qncMEZ
- Z3/qpcMEZ
- Z3/prey2l
- Z3/prey1x
- Z3/ETW
- Z3/et
- Z3/eo
- Z3/rumc
- Z3/rugc
- Z3/sut
- Z3/rut_c
- Z3/rut_n
- Z3/rut_p
- Z3/rrc
- Z3/rdo_c
- Z3/rd_c
- Z3/rq6c
- Z3/rq6n
- Z3/rq6p
- Z3/ren
- Z3/rep
- Z3/varO3h_Nutil
- Z3/varO3h_Putil
- Z3/temp_p
- Z3/temp_n
- Z3/limit
- Z3/pe_R6c
- Z3/pe_N1p
- Z3/pe_N4n
- Z4/prey1Chld
- Z4/prey1rate
- Z4/prey2Chld
- Z4/prey2rate
- Z4/prey2s_sms
- Z4/prey2s_sfl
- Z4/prey2s_bfl
- Z4/prey2s_w
- Z4/prey3Chld
- Z4/prey3rate
- Z4/prey3s_sms
- Z4/prey3s_sfl
- Z4/prey3s_bfl
- Z4/prey3s_w
- Z4/prey4Chl_sms
- Z4/prey4Chl_sfl
- Z4/prey4Chl_bfl
- Z4/prey4Chl_w
- Z4/prey4Chld
- Z4/prey4rate
- Z4/prey4s_sms
- Z4/prey4s_sfl
- Z4/prey4s_bfl
- Z4/prey4s_w
- Z4/prey5Chl_sms
- Z4/prey5Chl_sfl
- Z4/prey5Chl_bfl
- Z4/prey5Chl_w
- Z4/prey5Chld
- Z4/prey5rate
- Z4/prey5s_sms
- Z4/prey5s_sfl
- Z4/prey5s_bfl
- Z4/prey5s_w
- Z4/qncMEZ
- Z4/qpcMEZ
- Z4/prey2l
- Z4/prey1x
- Z4/ETW
- Z4/et
- Z4/eo
- Z4/rumc
- Z4/rugc
- Z4/sut
- Z4/rut_c
- Z4/rut_n
- Z4/rut_p
- Z4/rrc
- Z4/rdo_c
- Z4/rd_c
- Z4/rq6c
- Z4/rq6n
- Z4/rq6p
- Z4/ren
- Z4/rep
- Z4/varO3h_Nutil
- Z4/varO3h_Putil
- Z4/temp_p
- Z4/temp_n
- Z4/limit
- Z4/pe_R6c
- Z4/pe_N1p
- Z4/pe_N4n
- Z4/_P2_CaCO3precip
- Z4/_P2_consumeO3h_for_CaCO3precip
- PelChem/eo
- PelChem/er
- PelChem/flN4N3n
- PelChem/flN4N3n_o2
- PelChem/flN3O4n
- PelChem/flN3O4n_N6r
- PelChem/fN6O2r
- PelChem/fR6N5s
- PelChem/varO3h_for_nitr
- PelChem/varO3h_for_denitr
- P2/total_silicate_sms_tot_calculator/result
- P2/total_silicate_sfl_tot_calculator/result
- P2/total_silicate_bfl_tot_calculator/result
- P2/total_silicate_w_tot_calculator/result
- P3/total_silicate_sms_tot_calculator/result
- P3/total_silicate_sfl_tot_calculator/result
- P3/total_silicate_bfl_tot_calculator/result
- P3/total_silicate_w_tot_calculator/result
- P4/total_silicate_sms_tot_calculator/result
- P4/total_silicate_sfl_tot_calculator/result
- P4/total_silicate_bfl_tot_calculator/result
- P4/total_silicate_w_tot_calculator/result
- B1/total_chlorophyll_sms_tot_calculator/result
- B1/total_chlorophyll_sfl_tot_calculator/result
- B1/total_chlorophyll_bfl_tot_calculator/result
- B1/total_chlorophyll_w_tot_calculator/result
- B1/total_silicate_sms_tot_calculator/result
- B1/total_silicate_sfl_tot_calculator/result
- B1/total_silicate_bfl_tot_calculator/result
- B1/total_silicate_w_tot_calculator/result
- Z5/total_chlorophyll_sms_tot_calculator/result
- Z5/total_chlorophyll_sfl_tot_calculator/result
- Z5/total_chlorophyll_bfl_tot_calculator/result
- Z5/total_chlorophyll_w_tot_calculator/result
- Z5/total_silicate_sms_tot_calculator/result
- Z5/total_silicate_sfl_tot_calculator/result
- Z5/total_silicate_bfl_tot_calculator/result
- Z5/total_silicate_w_tot_calculator/result
- Z6/total_chlorophyll_sms_tot_calculator/result
- Z6/total_chlorophyll_sfl_tot_calculator/result
- Z6/total_chlorophyll_bfl_tot_calculator/result
- Z6/total_chlorophyll_w_tot_calculator/result
- Z6/total_silicate_sms_tot_calculator/result
- Z6/total_silicate_sfl_tot_calculator/result
- Z6/total_silicate_bfl_tot_calculator/result
- Z6/total_silicate_w_tot_calculator/result
- Z4/total_silicate_sms_tot_calculator/result
- Z4/total_silicate_sfl_tot_calculator/result
- Z4/total_silicate_bfl_tot_calculator/result
- Z4/total_silicate_w_tot_calculator/result
- Z4/total_chlorophyll_sms_tot_calculator/result
- Z4/total_chlorophyll_sfl_tot_calculator/result
- Z4/total_chlorophyll_bfl_tot_calculator/result
- Z4/total_chlorophyll_w_tot_calculator/result
